  [4;36;1mSQL (0.1ms)[0m   [0;1mSET NAMES 'utf8'[0m
  [4;35;1mSQL (0.1ms)[0m   [0mSET SQL_AUTO_IS_NULL=0[0m
  [4;36;1mSQL (31.8ms)[0m   [0;1mSHOW TABLES[0m
  [4;35;1mSQL (200.3ms)[0m   [0mCREATE TABLE `schema_migrations` (`version` varchar(255) NOT NULL) ENGINE=InnoDB[0m
  [4;36;1mSQL (0.6ms)[0m   [0;1mSHOW KEYS FROM `schema_migrations`[0m
  [4;35;1mSQL (248.9ms)[0m   [0mCREATE UNIQUE INDEX `unique_schema_migrations` ON `schema_migrations` (`version`)[0m
  [4;36;1mSQL (0.4ms)[0m   [0;1mSHOW TABLES[0m
  [4;35;1mSQL (0.3ms)[0m   [0mSELECT version FROM schema_migrations[0m
Migrating to CreateUsers (20101022021805)
  [4;36;1mSQL (109.4ms)[0m   [0;1mCREATE TABLE `users` (`id` int(11) DEFAULT NULL auto_increment PRIMARY KEY, `name` varchar(255), `login` varchar(255), `email` varchar(255), `description` text, `hometown` varchar(255), `persistence_token` varchar(255), `crypted_password` varchar(255), `active` tinyint(1), `created_at` datetime, `updated_at` datetime) ENGINE=InnoDB[0m
  [4;35;1mSQL (1.0ms)[0m   [0mINSERT INTO schema_migrations (version) VALUES ('20101022021805')[0m
Migrating to CreateGroups (20101022021903)
  [4;36;1mSQL (128.8ms)[0m   [0;1mCREATE TABLE `groups` (`id` int(11) DEFAULT NULL auto_increment PRIMARY KEY, `name` varchar(255), `description` text, `user_id` int(11), `created_at` datetime, `updated_at` datetime) ENGINE=InnoDB[0m
  [4;35;1mSQL (0.7ms)[0m   [0mINSERT INTO schema_migrations (version) VALUES ('20101022021903')[0m
Migrating to CreateEvents (20101022022020)
  [4;36;1mSQL (116.6ms)[0m   [0;1mCREATE TABLE `events` (`id` int(11) DEFAULT NULL auto_increment PRIMARY KEY, `name` varchar(255), `description` text, `location` varchar(255), `start_time` datetime, `end_time` datetime, `latitude` int(11), `longitude` int(11), `user_id` int(11), `created_at` datetime, `updated_at` datetime) ENGINE=InnoDB[0m
  [4;35;1mSQL (0.8ms)[0m   [0mINSERT INTO schema_migrations (version) VALUES ('20101022022020')[0m
Migrating to CreateComments (20101022022807)
  [4;36;1mSQL (157.7ms)[0m   [0;1mCREATE TABLE `comments` (`id` int(11) DEFAULT NULL auto_increment PRIMARY KEY, `text` varchar(255), `user_id` int(11), `approved` tinyint(1), `commentable_type` varchar(255), `commentable_id` int(11), `created_at` datetime, `updated_at` datetime) ENGINE=InnoDB[0m
  [4;35;1mSQL (0.7ms)[0m   [0mINSERT INTO schema_migrations (version) VALUES ('20101022022807')[0m
Migrating to CreateDocuments (20101022023008)
  [4;36;1mSQL (157.7ms)[0m   [0;1mCREATE TABLE `documents` (`id` int(11) DEFAULT NULL auto_increment PRIMARY KEY, `name` varchar(255), `user_id` int(11), `file_file_name` varchar(255), `file_content_type` varchar(255), `file_file_size` int(11), `file_updated_at` datetime, `created_at` datetime, `updated_at` datetime) ENGINE=InnoDB[0m
  [4;35;1mSQL (0.7ms)[0m   [0mINSERT INTO schema_migrations (version) VALUES ('20101022023008')[0m
Migrating to CreateVideos (20101022023804)
  [4;36;1mSQL (151.4ms)[0m   [0;1mCREATE TABLE `videos` (`id` int(11) DEFAULT NULL auto_increment PRIMARY KEY, `name` varchar(255), `author` varchar(255), `user_id` int(11), `video_file_name` varchar(255), `video_content_type` varchar(255), `video_file_size` int(11), `video_updated_at` datetime, `created_at` datetime, `updated_at` datetime) ENGINE=InnoDB[0m
  [4;35;1mSQL (1.0ms)[0m   [0mINSERT INTO schema_migrations (version) VALUES ('20101022023804')[0m
Migrating to CreateImages (20101022024209)
  [4;36;1mSQL (155.1ms)[0m   [0;1mCREATE TABLE `images` (`id` int(11) DEFAULT NULL auto_increment PRIMARY KEY, `name` varchar(255), `author` varchar(255), `user_id` int(11), `image_file_name` varchar(255), `image_content_type` varchar(255), `image_file_size` int(11), `image_updated_at` datetime, `created_at` datetime, `updated_at` datetime) ENGINE=InnoDB[0m
  [4;35;1mSQL (1.1ms)[0m   [0mINSERT INTO schema_migrations (version) VALUES ('20101022024209')[0m
Migrating to CreateMusics (20101022024306)
  [4;36;1mSQL (125.3ms)[0m   [0;1mCREATE TABLE `musics` (`id` int(11) DEFAULT NULL auto_increment PRIMARY KEY, `name` varchar(255), `author` varchar(255), `user_id` int(11), `music_file_name` varchar(255), `music_content_type` varchar(255), `music_file_size` int(11), `music_updated_at` datetime, `created_at` datetime, `updated_at` datetime) ENGINE=InnoDB[0m
  [4;35;1mSQL (0.9ms)[0m   [0mINSERT INTO schema_migrations (version) VALUES ('20101022024306')[0m
  [4;36;1mSQL (0.6ms)[0m   [0;1mSHOW TABLES[0m
  [4;35;1mSQL (0.2ms)[0m   [0mSELECT version FROM schema_migrations[0m
  [4;36;1mSQL (0.4ms)[0m   [0;1mSHOW TABLES[0m
  [4;35;1mSQL (40.2ms)[0m   [0mSHOW FIELDS FROM `comments`[0m
  [4;36;1mSQL (3.0ms)[0m   [0;1mdescribe `comments`[0m
  [4;35;1mSQL (1.8ms)[0m   [0mSHOW KEYS FROM `comments`[0m
  [4;36;1mSQL (18.0ms)[0m   [0;1mSHOW FIELDS FROM `documents`[0m
  [4;35;1mSQL (3.1ms)[0m   [0mdescribe `documents`[0m
  [4;36;1mSQL (1.9ms)[0m   [0;1mSHOW KEYS FROM `documents`[0m
  [4;35;1mSQL (1.5ms)[0m   [0mSHOW FIELDS FROM `events`[0m
  [4;36;1mSQL (10.7ms)[0m   [0;1mdescribe `events`[0m
  [4;35;1mSQL (0.9ms)[0m   [0mSHOW KEYS FROM `events`[0m
  [4;36;1mSQL (1.6ms)[0m   [0;1mSHOW FIELDS FROM `groups`[0m
  [4;35;1mSQL (2.8ms)[0m   [0mdescribe `groups`[0m
  [4;36;1mSQL (2.1ms)[0m   [0;1mSHOW KEYS FROM `groups`[0m
  [4;35;1mSQL (1.9ms)[0m   [0mSHOW FIELDS FROM `images`[0m
  [4;36;1mSQL (3.0ms)[0m   [0;1mdescribe `images`[0m
  [4;35;1mSQL (1.5ms)[0m   [0mSHOW KEYS FROM `images`[0m
  [4;36;1mSQL (1.6ms)[0m   [0;1mSHOW FIELDS FROM `musics`[0m
  [4;35;1mSQL (3.0ms)[0m   [0mdescribe `musics`[0m
  [4;36;1mSQL (1.7ms)[0m   [0;1mSHOW KEYS FROM `musics`[0m
  [4;35;1mSQL (1.5ms)[0m   [0mSHOW FIELDS FROM `users`[0m
  [4;36;1mSQL (3.9ms)[0m   [0;1mdescribe `users`[0m
  [4;35;1mSQL (1.6ms)[0m   [0mSHOW KEYS FROM `users`[0m
  [4;36;1mSQL (1.5ms)[0m   [0;1mSHOW FIELDS FROM `videos`[0m
  [4;35;1mSQL (2.7ms)[0m   [0mdescribe `videos`[0m
  [4;36;1mSQL (2.6ms)[0m   [0;1mSHOW KEYS FROM `videos`[0m
  [4;36;1mSQL (0.1ms)[0m   [0;1mSET NAMES 'utf8'[0m
  [4;35;1mSQL (0.1ms)[0m   [0mSET SQL_AUTO_IS_NULL=0[0m
  [4;36;1mSQL (0.5ms)[0m   [0;1mSHOW TABLES[0m
  [4;35;1mSQL (0.2ms)[0m   [0mSELECT version FROM schema_migrations[0m
  [4;36;1mSQL (0.1ms)[0m   [0;1mSET NAMES 'utf8'[0m
  [4;35;1mSQL (0.1ms)[0m   [0mSET SQL_AUTO_IS_NULL=0[0m
  [4;36;1mSQL (0.5ms)[0m   [0;1mSHOW TABLES[0m
  [4;35;1mSQL (0.2ms)[0m   [0mSELECT version FROM schema_migrations[0m
  [4;36;1mSQL (0.1ms)[0m   [0;1mSET NAMES 'utf8'[0m
  [4;35;1mSQL (0.1ms)[0m   [0mSET SQL_AUTO_IS_NULL=0[0m
  [4;36;1mSQL (109.6ms)[0m   [0;1mDROP DATABASE IF EXISTS `share_all_test`[0m
  [4;35;1mSQL (0.4ms)[0m   [0mCREATE DATABASE `share_all_test` DEFAULT CHARACTER SET `utf8`[0m
  [4;36;1mSQL (0.1ms)[0m   [0;1mSET NAMES 'utf8'[0m
  [4;35;1mSQL (0.1ms)[0m   [0mSET SQL_AUTO_IS_NULL=0[0m
  [4;36;1mSQL (0.3ms)[0m   [0;1mSHOW TABLES[0m
  [4;35;1mSQL (55.8ms)[0m   [0mCREATE TABLE `comments` (`id` int(11) DEFAULT NULL auto_increment PRIMARY KEY, `text` varchar(255), `user_id` int(11), `approved` tinyint(1), `commentable_type` varchar(255), `commentable_id` int(11), `created_at` datetime, `updated_at` datetime) ENGINE=InnoDB[0m
  [4;36;1mSQL (0.4ms)[0m   [0;1mSHOW TABLES[0m
  [4;35;1mSQL (177.4ms)[0m   [0mCREATE TABLE `documents` (`id` int(11) DEFAULT NULL auto_increment PRIMARY KEY, `name` varchar(255), `user_id` int(11), `file_file_name` varchar(255), `file_content_type` varchar(255), `file_file_size` int(11), `file_updated_at` datetime, `created_at` datetime, `updated_at` datetime) ENGINE=InnoDB[0m
  [4;36;1mSQL (0.4ms)[0m   [0;1mSHOW TABLES[0m
  [4;35;1mSQL (85.0ms)[0m   [0mCREATE TABLE `events` (`id` int(11) DEFAULT NULL auto_increment PRIMARY KEY, `name` varchar(255), `description` text, `location` varchar(255), `start_time` datetime, `end_time` datetime, `latitude` int(11), `longitude` int(11), `user_id` int(11), `created_at` datetime, `updated_at` datetime) ENGINE=InnoDB[0m
  [4;36;1mSQL (0.4ms)[0m   [0;1mSHOW TABLES[0m
  [4;35;1mSQL (110.4ms)[0m   [0mCREATE TABLE `groups` (`id` int(11) DEFAULT NULL auto_increment PRIMARY KEY, `name` varchar(255), `description` text, `user_id` int(11), `created_at` datetime, `updated_at` datetime) ENGINE=InnoDB[0m
  [4;36;1mSQL (0.4ms)[0m   [0;1mSHOW TABLES[0m
  [4;35;1mSQL (86.9ms)[0m   [0mCREATE TABLE `images` (`id` int(11) DEFAULT NULL auto_increment PRIMARY KEY, `name` varchar(255), `author` varchar(255), `user_id` int(11), `image_file_name` varchar(255), `image_content_type` varchar(255), `image_file_size` int(11), `image_updated_at` datetime, `created_at` datetime, `updated_at` datetime) ENGINE=InnoDB[0m
  [4;36;1mSQL (0.5ms)[0m   [0;1mSHOW TABLES[0m
  [4;35;1mSQL (96.7ms)[0m   [0mCREATE TABLE `musics` (`id` int(11) DEFAULT NULL auto_increment PRIMARY KEY, `name` varchar(255), `author` varchar(255), `user_id` int(11), `music_file_name` varchar(255), `music_content_type` varchar(255), `music_file_size` int(11), `music_updated_at` datetime, `created_at` datetime, `updated_at` datetime) ENGINE=InnoDB[0m
  [4;36;1mSQL (0.4ms)[0m   [0;1mSHOW TABLES[0m
  [4;35;1mSQL (98.9ms)[0m   [0mCREATE TABLE `users` (`id` int(11) DEFAULT NULL auto_increment PRIMARY KEY, `name` varchar(255), `login` varchar(255), `email` varchar(255), `description` text, `hometown` varchar(255), `persistence_token` varchar(255), `crypted_password` varchar(255), `active` tinyint(1), `created_at` datetime, `updated_at` datetime) ENGINE=InnoDB[0m
  [4;36;1mSQL (0.6ms)[0m   [0;1mSHOW TABLES[0m
  [4;35;1mSQL (96.5ms)[0m   [0mCREATE TABLE `videos` (`id` int(11) DEFAULT NULL auto_increment PRIMARY KEY, `name` varchar(255), `author` varchar(255), `user_id` int(11), `video_file_name` varchar(255), `video_content_type` varchar(255), `video_file_size` int(11), `video_updated_at` datetime, `created_at` datetime, `updated_at` datetime) ENGINE=InnoDB[0m
  [4;36;1mSQL (0.5ms)[0m   [0;1mSHOW TABLES[0m
  [4;35;1mSQL (99.2ms)[0m   [0mCREATE TABLE `schema_migrations` (`version` varchar(255) NOT NULL) ENGINE=InnoDB[0m
  [4;36;1mSQL (0.5ms)[0m   [0;1mSHOW KEYS FROM `schema_migrations`[0m
  [4;35;1mSQL (114.1ms)[0m   [0mCREATE UNIQUE INDEX `unique_schema_migrations` ON `schema_migrations` (`version`)[0m
  [4;36;1mSQL (0.5ms)[0m   [0;1mSHOW TABLES[0m
  [4;35;1mSQL (0.3ms)[0m   [0mSELECT version FROM `schema_migrations`[0m
  [4;36;1mSQL (0.8ms)[0m   [0;1mINSERT INTO `schema_migrations` (version) VALUES ('20101022024306')[0m
  [4;35;1mSQL (0.7ms)[0m   [0mINSERT INTO `schema_migrations` (version) VALUES ('20101022021805')[0m
  [4;36;1mSQL (1.7ms)[0m   [0;1mINSERT INTO `schema_migrations` (version) VALUES ('20101022021903')[0m
  [4;35;1mSQL (0.8ms)[0m   [0mINSERT INTO `schema_migrations` (version) VALUES ('20101022022020')[0m
  [4;36;1mSQL (0.8ms)[0m   [0;1mINSERT INTO `schema_migrations` (version) VALUES ('20101022022807')[0m
  [4;35;1mSQL (0.7ms)[0m   [0mINSERT INTO `schema_migrations` (version) VALUES ('20101022023008')[0m
  [4;36;1mSQL (0.8ms)[0m   [0;1mINSERT INTO `schema_migrations` (version) VALUES ('20101022023804')[0m
  [4;35;1mSQL (0.8ms)[0m   [0mINSERT INTO `schema_migrations` (version) VALUES ('20101022024209')[0m
  [4;36;1mSQL (0.2ms)[0m   [0;1mSET NAMES 'utf8'[0m
  [4;35;1mSQL (0.1ms)[0m   [0mSET SQL_AUTO_IS_NULL=0[0m
  [4;36;1mSQL (35.1ms)[0m   [0;1mSHOW TABLES[0m
  [4;35;1mSQL (0.3ms)[0m   [0mSELECT version FROM schema_migrations[0m
  [4;36;1mSQL (0.1ms)[0m   [0;1mSET NAMES 'utf8'[0m
  [4;35;1mSQL (0.1ms)[0m   [0mSET SQL_AUTO_IS_NULL=0[0m
  [4;36;1mSQL (66.1ms)[0m   [0;1mDROP DATABASE IF EXISTS `share_all_test`[0m
  [4;35;1mSQL (0.4ms)[0m   [0mCREATE DATABASE `share_all_test` DEFAULT CHARACTER SET `utf8`[0m
  [4;36;1mSQL (0.1ms)[0m   [0;1mSET NAMES 'utf8'[0m
  [4;35;1mSQL (0.1ms)[0m   [0mSET SQL_AUTO_IS_NULL=0[0m
  [4;36;1mSQL (0.3ms)[0m   [0;1mSHOW TABLES[0m
  [4;35;1mSQL (154.1ms)[0m   [0mCREATE TABLE `comments` (`id` int(11) DEFAULT NULL auto_increment PRIMARY KEY, `text` varchar(255), `user_id` int(11), `approved` tinyint(1), `commentable_type` varchar(255), `commentable_id` int(11), `created_at` datetime, `updated_at` datetime) ENGINE=InnoDB[0m
  [4;36;1mSQL (0.4ms)[0m   [0;1mSHOW TABLES[0m
  [4;35;1mSQL (214.4ms)[0m   [0mCREATE TABLE `documents` (`id` int(11) DEFAULT NULL auto_increment PRIMARY KEY, `name` varchar(255), `user_id` int(11), `file_file_name` varchar(255), `file_content_type` varchar(255), `file_file_size` int(11), `file_updated_at` datetime, `created_at` datetime, `updated_at` datetime) ENGINE=InnoDB[0m
  [4;36;1mSQL (0.4ms)[0m   [0;1mSHOW TABLES[0m
  [4;35;1mSQL (140.0ms)[0m   [0mCREATE TABLE `events` (`id` int(11) DEFAULT NULL auto_increment PRIMARY KEY, `name` varchar(255), `description` text, `location` varchar(255), `start_time` datetime, `end_time` datetime, `latitude` int(11), `longitude` int(11), `user_id` int(11), `created_at` datetime, `updated_at` datetime) ENGINE=InnoDB[0m
  [4;36;1mSQL (0.4ms)[0m   [0;1mSHOW TABLES[0m
  [4;35;1mSQL (122.0ms)[0m   [0mCREATE TABLE `groups` (`id` int(11) DEFAULT NULL auto_increment PRIMARY KEY, `name` varchar(255), `description` text, `user_id` int(11), `created_at` datetime, `updated_at` datetime) ENGINE=InnoDB[0m
  [4;36;1mSQL (0.4ms)[0m   [0;1mSHOW TABLES[0m
  [4;35;1mSQL (119.4ms)[0m   [0mCREATE TABLE `images` (`id` int(11) DEFAULT NULL auto_increment PRIMARY KEY, `name` varchar(255), `author` varchar(255), `user_id` int(11), `image_file_name` varchar(255), `image_content_type` varchar(255), `image_file_size` int(11), `image_updated_at` datetime, `created_at` datetime, `updated_at` datetime) ENGINE=InnoDB[0m
  [4;36;1mSQL (0.5ms)[0m   [0;1mSHOW TABLES[0m
  [4;35;1mSQL (119.6ms)[0m   [0mCREATE TABLE `musics` (`id` int(11) DEFAULT NULL auto_increment PRIMARY KEY, `name` varchar(255), `author` varchar(255), `user_id` int(11), `music_file_name` varchar(255), `music_content_type` varchar(255), `music_file_size` int(11), `music_updated_at` datetime, `created_at` datetime, `updated_at` datetime) ENGINE=InnoDB[0m
  [4;36;1mSQL (0.5ms)[0m   [0;1mSHOW TABLES[0m
  [4;35;1mSQL (120.1ms)[0m   [0mCREATE TABLE `users` (`id` int(11) DEFAULT NULL auto_increment PRIMARY KEY, `name` varchar(255), `login` varchar(255), `email` varchar(255), `description` text, `hometown` varchar(255), `persistence_token` varchar(255), `crypted_password` varchar(255), `active` tinyint(1), `created_at` datetime, `updated_at` datetime) ENGINE=InnoDB[0m
  [4;36;1mSQL (0.5ms)[0m   [0;1mSHOW TABLES[0m
  [4;35;1mSQL (120.2ms)[0m   [0mCREATE TABLE `videos` (`id` int(11) DEFAULT NULL auto_increment PRIMARY KEY, `name` varchar(255), `author` varchar(255), `user_id` int(11), `video_file_name` varchar(255), `video_content_type` varchar(255), `video_file_size` int(11), `video_updated_at` datetime, `created_at` datetime, `updated_at` datetime) ENGINE=InnoDB[0m
  [4;36;1mSQL (0.5ms)[0m   [0;1mSHOW TABLES[0m
  [4;35;1mSQL (142.9ms)[0m   [0mCREATE TABLE `schema_migrations` (`version` varchar(255) NOT NULL) ENGINE=InnoDB[0m
  [4;36;1mSQL (0.4ms)[0m   [0;1mSHOW KEYS FROM `schema_migrations`[0m
  [4;35;1mSQL (135.7ms)[0m   [0mCREATE UNIQUE INDEX `unique_schema_migrations` ON `schema_migrations` (`version`)[0m
  [4;36;1mSQL (0.5ms)[0m   [0;1mSHOW TABLES[0m
  [4;35;1mSQL (0.3ms)[0m   [0mSELECT version FROM `schema_migrations`[0m
  [4;36;1mSQL (0.9ms)[0m   [0;1mINSERT INTO `schema_migrations` (version) VALUES ('20101022024306')[0m
  [4;35;1mSQL (0.8ms)[0m   [0mINSERT INTO `schema_migrations` (version) VALUES ('20101022021805')[0m
  [4;36;1mSQL (2.1ms)[0m   [0;1mINSERT INTO `schema_migrations` (version) VALUES ('20101022021903')[0m
  [4;35;1mSQL (0.8ms)[0m   [0mINSERT INTO `schema_migrations` (version) VALUES ('20101022022020')[0m
  [4;36;1mSQL (0.8ms)[0m   [0;1mINSERT INTO `schema_migrations` (version) VALUES ('20101022022807')[0m
  [4;35;1mSQL (1.3ms)[0m   [0mINSERT INTO `schema_migrations` (version) VALUES ('20101022023008')[0m
  [4;36;1mSQL (0.9ms)[0m   [0;1mINSERT INTO `schema_migrations` (version) VALUES ('20101022023804')[0m
  [4;35;1mSQL (0.8ms)[0m   [0mINSERT INTO `schema_migrations` (version) VALUES ('20101022024209')[0m
  [4;36;1mSQL (0.2ms)[0m   [0;1mSET NAMES 'utf8'[0m
  [4;35;1mSQL (0.1ms)[0m   [0mSET SQL_AUTO_IS_NULL=0[0m
  [4;36;1mSQL (0.5ms)[0m   [0;1mSHOW TABLES[0m
  [4;35;1mSQL (0.2ms)[0m   [0mSELECT version FROM schema_migrations[0m
  [4;36;1mSQL (0.1ms)[0m   [0;1mSET NAMES 'utf8'[0m
  [4;35;1mSQL (0.1ms)[0m   [0mSET SQL_AUTO_IS_NULL=0[0m
  [4;36;1mSQL (122.9ms)[0m   [0;1mDROP DATABASE IF EXISTS `share_all_test`[0m
  [4;35;1mSQL (0.3ms)[0m   [0mCREATE DATABASE `share_all_test` DEFAULT CHARACTER SET `utf8`[0m
  [4;36;1mSQL (0.1ms)[0m   [0;1mSET NAMES 'utf8'[0m
  [4;35;1mSQL (0.1ms)[0m   [0mSET SQL_AUTO_IS_NULL=0[0m
  [4;36;1mSQL (0.3ms)[0m   [0;1mSHOW TABLES[0m
  [4;35;1mSQL (86.7ms)[0m   [0mCREATE TABLE `comments` (`id` int(11) DEFAULT NULL auto_increment PRIMARY KEY, `text` varchar(255), `user_id` int(11), `approved` tinyint(1), `commentable_type` varchar(255), `commentable_id` int(11), `created_at` datetime, `updated_at` datetime) ENGINE=InnoDB[0m
  [4;36;1mSQL (0.4ms)[0m   [0;1mSHOW TABLES[0m
  [4;35;1mSQL (129.3ms)[0m   [0mCREATE TABLE `documents` (`id` int(11) DEFAULT NULL auto_increment PRIMARY KEY, `name` varchar(255), `user_id` int(11), `file_file_name` varchar(255), `file_content_type` varchar(255), `file_file_size` int(11), `file_updated_at` datetime, `created_at` datetime, `updated_at` datetime) ENGINE=InnoDB[0m
  [4;36;1mSQL (0.3ms)[0m   [0;1mSHOW TABLES[0m
  [4;35;1mSQL (112.8ms)[0m   [0mCREATE TABLE `events` (`id` int(11) DEFAULT NULL auto_increment PRIMARY KEY, `name` varchar(255), `description` text, `location` varchar(255), `start_time` datetime, `end_time` datetime, `latitude` int(11), `longitude` int(11), `user_id` int(11), `created_at` datetime, `updated_at` datetime) ENGINE=InnoDB[0m
  [4;36;1mSQL (0.4ms)[0m   [0;1mSHOW TABLES[0m
  [4;35;1mSQL (128.1ms)[0m   [0mCREATE TABLE `groups` (`id` int(11) DEFAULT NULL auto_increment PRIMARY KEY, `name` varchar(255), `description` text, `user_id` int(11), `created_at` datetime, `updated_at` datetime) ENGINE=InnoDB[0m
  [4;36;1mSQL (0.4ms)[0m   [0;1mSHOW TABLES[0m
  [4;35;1mSQL (131.5ms)[0m   [0mCREATE TABLE `images` (`id` int(11) DEFAULT NULL auto_increment PRIMARY KEY, `name` varchar(255), `author` varchar(255), `user_id` int(11), `image_file_name` varchar(255), `image_content_type` varchar(255), `image_file_size` int(11), `image_updated_at` datetime, `created_at` datetime, `updated_at` datetime) ENGINE=InnoDB[0m
  [4;36;1mSQL (0.4ms)[0m   [0;1mSHOW TABLES[0m
  [4;35;1mSQL (132.7ms)[0m   [0mCREATE TABLE `musics` (`id` int(11) DEFAULT NULL auto_increment PRIMARY KEY, `name` varchar(255), `author` varchar(255), `user_id` int(11), `music_file_name` varchar(255), `music_content_type` varchar(255), `music_file_size` int(11), `music_updated_at` datetime, `created_at` datetime, `updated_at` datetime) ENGINE=InnoDB[0m
  [4;36;1mSQL (0.5ms)[0m   [0;1mSHOW TABLES[0m
  [4;35;1mSQL (119.2ms)[0m   [0mCREATE TABLE `users` (`id` int(11) DEFAULT NULL auto_increment PRIMARY KEY, `name` varchar(255), `login` varchar(255), `email` varchar(255), `description` text, `hometown` varchar(255), `persistence_token` varchar(255), `crypted_password` varchar(255), `active` tinyint(1), `created_at` datetime, `updated_at` datetime) ENGINE=InnoDB[0m
  [4;36;1mSQL (0.5ms)[0m   [0;1mSHOW TABLES[0m
  [4;35;1mSQL (120.5ms)[0m   [0mCREATE TABLE `videos` (`id` int(11) DEFAULT NULL auto_increment PRIMARY KEY, `name` varchar(255), `author` varchar(255), `user_id` int(11), `video_file_name` varchar(255), `video_content_type` varchar(255), `video_file_size` int(11), `video_updated_at` datetime, `created_at` datetime, `updated_at` datetime) ENGINE=InnoDB[0m
  [4;36;1mSQL (0.5ms)[0m   [0;1mSHOW TABLES[0m
  [4;35;1mSQL (142.3ms)[0m   [0mCREATE TABLE `schema_migrations` (`version` varchar(255) NOT NULL) ENGINE=InnoDB[0m
  [4;36;1mSQL (0.4ms)[0m   [0;1mSHOW KEYS FROM `schema_migrations`[0m
  [4;35;1mSQL (136.5ms)[0m   [0mCREATE UNIQUE INDEX `unique_schema_migrations` ON `schema_migrations` (`version`)[0m
  [4;36;1mSQL (0.6ms)[0m   [0;1mSHOW TABLES[0m
  [4;35;1mSQL (0.3ms)[0m   [0mSELECT version FROM `schema_migrations`[0m
  [4;36;1mSQL (0.7ms)[0m   [0;1mINSERT INTO `schema_migrations` (version) VALUES ('20101022024306')[0m
  [4;35;1mSQL (1.6ms)[0m   [0mINSERT INTO `schema_migrations` (version) VALUES ('20101022021805')[0m
  [4;36;1mSQL (0.6ms)[0m   [0;1mINSERT INTO `schema_migrations` (version) VALUES ('20101022021903')[0m
  [4;35;1mSQL (0.6ms)[0m   [0mINSERT INTO `schema_migrations` (version) VALUES ('20101022022020')[0m
  [4;36;1mSQL (0.8ms)[0m   [0;1mINSERT INTO `schema_migrations` (version) VALUES ('20101022022807')[0m
  [4;35;1mSQL (2.1ms)[0m   [0mINSERT INTO `schema_migrations` (version) VALUES ('20101022023008')[0m
  [4;36;1mSQL (0.7ms)[0m   [0;1mINSERT INTO `schema_migrations` (version) VALUES ('20101022023804')[0m
  [4;35;1mSQL (0.8ms)[0m   [0mINSERT INTO `schema_migrations` (version) VALUES ('20101022024209')[0m
  [4;36;1mSQL (0.5ms)[0m   [0;1mSET NAMES 'utf8'[0m
  [4;35;1mSQL (0.3ms)[0m   [0mSET SQL_AUTO_IS_NULL=0[0m


Processing UsersController#index (for 127.0.0.1 at 2010-10-22 11:34:08) [GET]
  [4;36;1mUser Load (62.2ms)[0m   [0;1mSELECT * FROM `users` [0m
Rendering template within layouts/application
Rendering users/index
Completed in 191ms (View: 102, DB: 63) | 200 OK [http://localhost/users]
  [4;35;1mSQL (0.1ms)[0m   [0mSET NAMES 'utf8'[0m
  [4;36;1mSQL (0.1ms)[0m   [0;1mSET SQL_AUTO_IS_NULL=0[0m


Processing UsersController#new (for 127.0.0.1 at 2010-10-22 11:34:10) [GET]
  [4;35;1mUser Columns (24.7ms)[0m   [0mSHOW FIELDS FROM `users`[0m
Rendering template within layouts/application
Rendering users/new
Rendered users/_form (11.2ms)
Completed in 52ms (View: 23, DB: 25) | 200 OK [http://localhost/users/new]
  [4;36;1mSQL (0.1ms)[0m   [0;1mSET NAMES 'utf8'[0m
  [4;35;1mSQL (0.1ms)[0m   [0mSET SQL_AUTO_IS_NULL=0[0m


Processing UsersController#index (for 127.0.0.1 at 2010-10-22 11:34:16) [GET]
  [4;36;1mUser Load (0.3ms)[0m   [0;1mSELECT * FROM `users` [0m
Rendering template within layouts/application
Rendering users/index
Completed in 6ms (View: 2, DB: 0) | 200 OK [http://localhost/users]
  [4;36;1mSQL (0.2ms)[0m   [0;1mSET NAMES 'utf8'[0m
  [4;35;1mSQL (0.1ms)[0m   [0mSET SQL_AUTO_IS_NULL=0[0m


Processing UsersController#index (for 127.0.0.1 at 2010-10-22 12:14:38) [GET]
  [4;36;1mUser Load (0.4ms)[0m   [0;1mSELECT * FROM `users` [0m
Rendering template within layouts/application
Rendering users/index
Completed in 17ms (View: 12, DB: 1) | 200 OK [http://localhost/users]
  [4;35;1mSQL (0.1ms)[0m   [0mSET NAMES 'utf8'[0m
  [4;36;1mSQL (0.1ms)[0m   [0;1mSET SQL_AUTO_IS_NULL=0[0m


Processing UsersController#index (for 127.0.0.1 at 2010-10-22 12:16:33) [GET]
  Parameters: {"action"=>"index", "controller"=>"users"}
  [4;35;1mUser Columns (11.7ms)[0m   [0mSHOW FIELDS FROM `users`[0m
  [4;36;1mUser Load (0.3ms)[0m   [0;1mSELECT * FROM `users` [0m
Rendering template within layouts/application
Rendering users/index
Completed in 22ms (View: 2, DB: 12) | 200 OK [http://localhost/users]
  [4;35;1mSQL (0.1ms)[0m   [0mSET NAMES 'utf8'[0m
  [4;36;1mSQL (0.1ms)[0m   [0;1mSET SQL_AUTO_IS_NULL=0[0m


Processing UsersController#index (for 127.0.0.1 at 2010-10-22 12:16:34) [GET]
  Parameters: {"action"=>"index", "controller"=>"users"}
  [4;35;1mUser Columns (1.6ms)[0m   [0mSHOW FIELDS FROM `users`[0m
  [4;36;1mUser Load (44.0ms)[0m   [0;1mSELECT * FROM `users` [0m
Rendering template within layouts/application
Rendering users/index
Completed in 57ms (View: 2, DB: 46) | 200 OK [http://localhost/users]
  [4;35;1mSQL (0.1ms)[0m   [0mSET NAMES 'utf8'[0m
  [4;36;1mSQL (0.1ms)[0m   [0;1mSET SQL_AUTO_IS_NULL=0[0m


Processing UsersController#index (for 127.0.0.1 at 2010-10-22 12:16:34) [GET]
  Parameters: {"action"=>"index", "controller"=>"users"}
  [4;35;1mUser Columns (1.7ms)[0m   [0mSHOW FIELDS FROM `users`[0m
  [4;36;1mUser Load (93.7ms)[0m   [0;1mSELECT * FROM `users` [0m
Rendering template within layouts/application
Rendering users/index
Completed in 109ms (View: 3, DB: 96) | 200 OK [http://localhost/users]
  [4;35;1mSQL (0.1ms)[0m   [0mSET NAMES 'utf8'[0m
  [4;36;1mSQL (0.1ms)[0m   [0;1mSET SQL_AUTO_IS_NULL=0[0m


Processing UsersController#index (for 127.0.0.1 at 2010-10-22 12:16:34) [GET]
  Parameters: {"action"=>"index", "controller"=>"users"}
  [4;35;1mUser Columns (1.5ms)[0m   [0mSHOW FIELDS FROM `users`[0m
  [4;36;1mUser Load (0.3ms)[0m   [0;1mSELECT * FROM `users` [0m
Rendering template within layouts/application
Rendering users/index
Completed in 12ms (View: 1, DB: 2) | 200 OK [http://localhost/users]
  [4;35;1mSQL (0.2ms)[0m   [0mSET NAMES 'utf8'[0m
  [4;36;1mSQL (0.1ms)[0m   [0;1mSET SQL_AUTO_IS_NULL=0[0m


Processing UsersController#index (for 127.0.0.1 at 2010-10-22 12:16:34) [GET]
  Parameters: {"action"=>"index", "controller"=>"users"}
  [4;35;1mUser Columns (1.5ms)[0m   [0mSHOW FIELDS FROM `users`[0m
  [4;36;1mUser Load (0.3ms)[0m   [0;1mSELECT * FROM `users` [0m
Rendering template within layouts/application
Rendering users/index
Completed in 11ms (View: 2, DB: 2) | 200 OK [http://localhost/users]
  [4;35;1mSQL (0.1ms)[0m   [0mSET NAMES 'utf8'[0m
  [4;36;1mSQL (0.1ms)[0m   [0;1mSET SQL_AUTO_IS_NULL=0[0m


Processing UsersController#index (for 127.0.0.1 at 2010-10-22 12:16:35) [GET]
  Parameters: {"action"=>"index", "controller"=>"users"}
  [4;35;1mUser Columns (1.5ms)[0m   [0mSHOW FIELDS FROM `users`[0m
  [4;36;1mUser Load (0.3ms)[0m   [0;1mSELECT * FROM `users` [0m
Rendering template within layouts/application
Rendering users/index
Completed in 11ms (View: 1, DB: 2) | 200 OK [http://localhost/users]
  [4;35;1mSQL (0.1ms)[0m   [0mSET NAMES 'utf8'[0m
  [4;36;1mSQL (0.1ms)[0m   [0;1mSET SQL_AUTO_IS_NULL=0[0m


Processing UsersController#index (for 127.0.0.1 at 2010-10-22 12:16:35) [GET]
  Parameters: {"action"=>"index", "controller"=>"users"}
  [4;35;1mUser Columns (1.6ms)[0m   [0mSHOW FIELDS FROM `users`[0m
  [4;36;1mUser Load (0.3ms)[0m   [0;1mSELECT * FROM `users` [0m
Rendering template within layouts/application
Rendering users/index
Completed in 13ms (View: 2, DB: 2) | 200 OK [http://localhost/users]
  [4;35;1mSQL (0.2ms)[0m   [0mSET NAMES 'utf8'[0m
  [4;36;1mSQL (0.1ms)[0m   [0;1mSET SQL_AUTO_IS_NULL=0[0m


Processing UsersController#index (for 127.0.0.1 at 2010-10-22 12:16:35) [GET]
  Parameters: {"action"=>"index", "controller"=>"users"}
  [4;35;1mUser Columns (1.5ms)[0m   [0mSHOW FIELDS FROM `users`[0m
  [4;36;1mUser Load (0.3ms)[0m   [0;1mSELECT * FROM `users` [0m
Rendering template within layouts/application
Rendering users/index
Completed in 12ms (View: 1, DB: 2) | 200 OK [http://localhost/users]
  [4;35;1mSQL (0.1ms)[0m   [0mSET NAMES 'utf8'[0m
  [4;36;1mSQL (0.1ms)[0m   [0;1mSET SQL_AUTO_IS_NULL=0[0m


Processing UsersController#index (for 127.0.0.1 at 2010-10-22 12:16:54) [GET]
  Parameters: {"action"=>"index", "controller"=>"users"}
  [4;35;1mUser Columns (1.6ms)[0m   [0mSHOW FIELDS FROM `users`[0m

NameError (undefined local variable or method `new_user_session_url' for #<UsersController:0x103274e90>):
  app/controllers/application_controller.rb:25:in `require_user'
  /Users/tiago/.rvm/rubies/ruby-1.8.7-p174/lib/ruby/1.8/webrick/httpserver.rb:104:in `service'
  /Users/tiago/.rvm/rubies/ruby-1.8.7-p174/lib/ruby/1.8/webrick/httpserver.rb:65:in `run'
  /Users/tiago/.rvm/rubies/ruby-1.8.7-p174/lib/ruby/1.8/webrick/server.rb:173:in `start_thread'
  /Users/tiago/.rvm/rubies/ruby-1.8.7-p174/lib/ruby/1.8/webrick/server.rb:162:in `start'
  /Users/tiago/.rvm/rubies/ruby-1.8.7-p174/lib/ruby/1.8/webrick/server.rb:162:in `start_thread'
  /Users/tiago/.rvm/rubies/ruby-1.8.7-p174/lib/ruby/1.8/webrick/server.rb:95:in `start'
  /Users/tiago/.rvm/rubies/ruby-1.8.7-p174/lib/ruby/1.8/webrick/server.rb:92:in `each'
  /Users/tiago/.rvm/rubies/ruby-1.8.7-p174/lib/ruby/1.8/webrick/server.rb:92:in `start'
  /Users/tiago/.rvm/rubies/ruby-1.8.7-p174/lib/ruby/1.8/webrick/server.rb:23:in `start'
  /Users/tiago/.rvm/rubies/ruby-1.8.7-p174/lib/ruby/1.8/webrick/server.rb:82:in `start'

Rendered rescues/_trace (43.2ms)
Rendered rescues/_request_and_response (33.9ms)
Rendering rescues/layout (internal_server_error)
  [4;36;1mSQL (0.1ms)[0m   [0;1mSET NAMES 'utf8'[0m
  [4;35;1mSQL (0.1ms)[0m   [0mSET SQL_AUTO_IS_NULL=0[0m


Processing UsersController#index (for 127.0.0.1 at 2010-10-22 12:19:49) [GET]
  Parameters: {"action"=>"index", "controller"=>"users"}
  [4;36;1mUser Columns (1.4ms)[0m   [0;1mSHOW FIELDS FROM `users`[0m

NameError (undefined local variable or method `new_user_session_url' for #<UsersController:0x102e66b28>):
  app/controllers/application_controller.rb:25:in `require_user'
  /Users/tiago/.rvm/rubies/ruby-1.8.7-p174/lib/ruby/1.8/webrick/httpserver.rb:104:in `service'
  /Users/tiago/.rvm/rubies/ruby-1.8.7-p174/lib/ruby/1.8/webrick/httpserver.rb:65:in `run'
  /Users/tiago/.rvm/rubies/ruby-1.8.7-p174/lib/ruby/1.8/webrick/server.rb:173:in `start_thread'
  /Users/tiago/.rvm/rubies/ruby-1.8.7-p174/lib/ruby/1.8/webrick/server.rb:162:in `start'
  /Users/tiago/.rvm/rubies/ruby-1.8.7-p174/lib/ruby/1.8/webrick/server.rb:162:in `start_thread'
  /Users/tiago/.rvm/rubies/ruby-1.8.7-p174/lib/ruby/1.8/webrick/server.rb:95:in `start'
  /Users/tiago/.rvm/rubies/ruby-1.8.7-p174/lib/ruby/1.8/webrick/server.rb:92:in `each'
  /Users/tiago/.rvm/rubies/ruby-1.8.7-p174/lib/ruby/1.8/webrick/server.rb:92:in `start'
  /Users/tiago/.rvm/rubies/ruby-1.8.7-p174/lib/ruby/1.8/webrick/server.rb:23:in `start'
  /Users/tiago/.rvm/rubies/ruby-1.8.7-p174/lib/ruby/1.8/webrick/server.rb:82:in `start'

Rendered rescues/_trace (109.4ms)
Rendered rescues/_request_and_response (0.3ms)
Rendering rescues/layout (internal_server_error)
  [4;35;1mSQL (0.1ms)[0m   [0mSET NAMES 'utf8'[0m
  [4;36;1mSQL (0.1ms)[0m   [0;1mSET SQL_AUTO_IS_NULL=0[0m


Processing UsersController#index (for 127.0.0.1 at 2010-10-22 12:20:47) [GET]
  Parameters: {"action"=>"index", "controller"=>"users"}
  [4;35;1mUser Columns (1.5ms)[0m   [0mSHOW FIELDS FROM `users`[0m

NameError (undefined local variable or method `login_url' for #<UsersController:0x1032346b0>):
  app/controllers/application_controller.rb:25:in `require_user'
  /Users/tiago/.rvm/rubies/ruby-1.8.7-p174/lib/ruby/1.8/webrick/httpserver.rb:104:in `service'
  /Users/tiago/.rvm/rubies/ruby-1.8.7-p174/lib/ruby/1.8/webrick/httpserver.rb:65:in `run'
  /Users/tiago/.rvm/rubies/ruby-1.8.7-p174/lib/ruby/1.8/webrick/server.rb:173:in `start_thread'
  /Users/tiago/.rvm/rubies/ruby-1.8.7-p174/lib/ruby/1.8/webrick/server.rb:162:in `start'
  /Users/tiago/.rvm/rubies/ruby-1.8.7-p174/lib/ruby/1.8/webrick/server.rb:162:in `start_thread'
  /Users/tiago/.rvm/rubies/ruby-1.8.7-p174/lib/ruby/1.8/webrick/server.rb:95:in `start'
  /Users/tiago/.rvm/rubies/ruby-1.8.7-p174/lib/ruby/1.8/webrick/server.rb:92:in `each'
  /Users/tiago/.rvm/rubies/ruby-1.8.7-p174/lib/ruby/1.8/webrick/server.rb:92:in `start'
  /Users/tiago/.rvm/rubies/ruby-1.8.7-p174/lib/ruby/1.8/webrick/server.rb:23:in `start'
  /Users/tiago/.rvm/rubies/ruby-1.8.7-p174/lib/ruby/1.8/webrick/server.rb:82:in `start'

Rendered rescues/_trace (39.0ms)
Rendered rescues/_request_and_response (0.3ms)
Rendering rescues/layout (internal_server_error)
  [4;36;1mSQL (0.1ms)[0m   [0;1mSET NAMES 'utf8'[0m
  [4;35;1mSQL (0.1ms)[0m   [0mSET SQL_AUTO_IS_NULL=0[0m


Processing UsersController#index (for 127.0.0.1 at 2010-10-22 12:20:48) [GET]
  Parameters: {"action"=>"index", "controller"=>"users"}
  [4;36;1mUser Columns (1.6ms)[0m   [0;1mSHOW FIELDS FROM `users`[0m

NameError (undefined local variable or method `login_url' for #<UsersController:0x102e52c68>):
  app/controllers/application_controller.rb:25:in `require_user'
  /Users/tiago/.rvm/rubies/ruby-1.8.7-p174/lib/ruby/1.8/webrick/httpserver.rb:104:in `service'
  /Users/tiago/.rvm/rubies/ruby-1.8.7-p174/lib/ruby/1.8/webrick/httpserver.rb:65:in `run'
  /Users/tiago/.rvm/rubies/ruby-1.8.7-p174/lib/ruby/1.8/webrick/server.rb:173:in `start_thread'
  /Users/tiago/.rvm/rubies/ruby-1.8.7-p174/lib/ruby/1.8/webrick/server.rb:162:in `start'
  /Users/tiago/.rvm/rubies/ruby-1.8.7-p174/lib/ruby/1.8/webrick/server.rb:162:in `start_thread'
  /Users/tiago/.rvm/rubies/ruby-1.8.7-p174/lib/ruby/1.8/webrick/server.rb:95:in `start'
  /Users/tiago/.rvm/rubies/ruby-1.8.7-p174/lib/ruby/1.8/webrick/server.rb:92:in `each'
  /Users/tiago/.rvm/rubies/ruby-1.8.7-p174/lib/ruby/1.8/webrick/server.rb:92:in `start'
  /Users/tiago/.rvm/rubies/ruby-1.8.7-p174/lib/ruby/1.8/webrick/server.rb:23:in `start'
  /Users/tiago/.rvm/rubies/ruby-1.8.7-p174/lib/ruby/1.8/webrick/server.rb:82:in `start'

Rendered rescues/_trace (43.0ms)
Rendered rescues/_request_and_response (0.3ms)
Rendering rescues/layout (internal_server_error)
  [4;36;1mSQL (0.2ms)[0m   [0;1mSET NAMES 'utf8'[0m
  [4;35;1mSQL (0.1ms)[0m   [0mSET SQL_AUTO_IS_NULL=0[0m


Processing UsersController#index (for 127.0.0.1 at 2010-10-22 12:29:34) [GET]
  Parameters: {"action"=>"index", "controller"=>"users"}
  [4;36;1mUser Columns (1.8ms)[0m   [0;1mSHOW FIELDS FROM `users`[0m
Redirected to http://localhost:3000/login
Filter chain halted as [:require_user] rendered_or_redirected.
Completed in 12ms (DB: 2) | 302 Found [http://localhost/users]
  [4;35;1mSQL (0.1ms)[0m   [0mSET NAMES 'utf8'[0m
  [4;36;1mSQL (0.1ms)[0m   [0;1mSET SQL_AUTO_IS_NULL=0[0m


Processing UserSessionsController#login (for 127.0.0.1 at 2010-10-22 12:29:35) [GET]
  Parameters: {"action"=>"login", "controller"=>"user_sessions"}
  [4;35;1mUser Columns (1.5ms)[0m   [0mSHOW FIELDS FROM `users`[0m
Redirected to http://localhost:3000/login
Filter chain halted as [:require_user] rendered_or_redirected.
Completed in 11ms (DB: 2) | 302 Found [http://localhost/login]
  [4;36;1mSQL (0.1ms)[0m   [0;1mSET NAMES 'utf8'[0m
  [4;35;1mSQL (0.1ms)[0m   [0mSET SQL_AUTO_IS_NULL=0[0m


Processing UserSessionsController#login (for 127.0.0.1 at 2010-10-22 12:29:35) [GET]
  Parameters: {"action"=>"login", "controller"=>"user_sessions"}
  [4;36;1mUser Columns (2.2ms)[0m   [0;1mSHOW FIELDS FROM `users`[0m
Redirected to http://localhost:3000/login
Filter chain halted as [:require_user] rendered_or_redirected.
Completed in 13ms (DB: 2) | 302 Found [http://localhost/login]
  [4;35;1mSQL (0.1ms)[0m   [0mSET NAMES 'utf8'[0m
  [4;36;1mSQL (0.1ms)[0m   [0;1mSET SQL_AUTO_IS_NULL=0[0m


Processing UserSessionsController#login (for 127.0.0.1 at 2010-10-22 12:29:35) [GET]
  Parameters: {"action"=>"login", "controller"=>"user_sessions"}
  [4;35;1mUser Columns (1.5ms)[0m   [0mSHOW FIELDS FROM `users`[0m
Redirected to http://localhost:3000/login
Filter chain halted as [:require_user] rendered_or_redirected.
Completed in 11ms (DB: 2) | 302 Found [http://localhost/login]
  [4;36;1mSQL (0.1ms)[0m   [0;1mSET NAMES 'utf8'[0m
  [4;35;1mSQL (0.1ms)[0m   [0mSET SQL_AUTO_IS_NULL=0[0m


Processing UserSessionsController#login (for 127.0.0.1 at 2010-10-22 12:29:35) [GET]
  Parameters: {"action"=>"login", "controller"=>"user_sessions"}
  [4;36;1mUser Columns (1.9ms)[0m   [0;1mSHOW FIELDS FROM `users`[0m
Redirected to http://localhost:3000/login
Filter chain halted as [:require_user] rendered_or_redirected.
Completed in 11ms (DB: 2) | 302 Found [http://localhost/login]
  [4;35;1mSQL (0.1ms)[0m   [0mSET NAMES 'utf8'[0m
  [4;36;1mSQL (0.1ms)[0m   [0;1mSET SQL_AUTO_IS_NULL=0[0m


Processing UserSessionsController#login (for 127.0.0.1 at 2010-10-22 12:29:35) [GET]
  Parameters: {"action"=>"login", "controller"=>"user_sessions"}
  [4;35;1mUser Columns (1.5ms)[0m   [0mSHOW FIELDS FROM `users`[0m
Redirected to http://localhost:3000/login
Filter chain halted as [:require_user] rendered_or_redirected.
Completed in 11ms (DB: 2) | 302 Found [http://localhost/login]
  [4;36;1mSQL (0.1ms)[0m   [0;1mSET NAMES 'utf8'[0m
  [4;35;1mSQL (0.1ms)[0m   [0mSET SQL_AUTO_IS_NULL=0[0m


Processing UserSessionsController#login (for 127.0.0.1 at 2010-10-22 12:29:35) [GET]
  Parameters: {"action"=>"login", "controller"=>"user_sessions"}
  [4;36;1mUser Columns (1.5ms)[0m   [0;1mSHOW FIELDS FROM `users`[0m
Redirected to http://localhost:3000/login
Filter chain halted as [:require_user] rendered_or_redirected.
Completed in 11ms (DB: 2) | 302 Found [http://localhost/login]
  [4;35;1mSQL (0.1ms)[0m   [0mSET NAMES 'utf8'[0m
  [4;36;1mSQL (0.1ms)[0m   [0;1mSET SQL_AUTO_IS_NULL=0[0m


Processing UserSessionsController#login (for 127.0.0.1 at 2010-10-22 12:29:35) [GET]
  Parameters: {"action"=>"login", "controller"=>"user_sessions"}
  [4;35;1mUser Columns (1.4ms)[0m   [0mSHOW FIELDS FROM `users`[0m
Redirected to http://localhost:3000/login
Filter chain halted as [:require_user] rendered_or_redirected.
Completed in 87ms (DB: 2) | 302 Found [http://localhost/login]
  [4;36;1mSQL (0.1ms)[0m   [0;1mSET NAMES 'utf8'[0m
  [4;35;1mSQL (0.1ms)[0m   [0mSET SQL_AUTO_IS_NULL=0[0m


Processing UserSessionsController#login (for 127.0.0.1 at 2010-10-22 12:29:35) [GET]
  Parameters: {"action"=>"login", "controller"=>"user_sessions"}
  [4;36;1mUser Columns (1.5ms)[0m   [0;1mSHOW FIELDS FROM `users`[0m
Redirected to http://localhost:3000/login
Filter chain halted as [:require_user] rendered_or_redirected.
Completed in 11ms (DB: 2) | 302 Found [http://localhost/login]
  [4;35;1mSQL (0.1ms)[0m   [0mSET NAMES 'utf8'[0m
  [4;36;1mSQL (0.1ms)[0m   [0;1mSET SQL_AUTO_IS_NULL=0[0m


Processing UserSessionsController#login (for 127.0.0.1 at 2010-10-22 12:29:35) [GET]
  Parameters: {"action"=>"login", "controller"=>"user_sessions"}
  [4;35;1mUser Columns (1.4ms)[0m   [0mSHOW FIELDS FROM `users`[0m
Redirected to http://localhost:3000/login
Filter chain halted as [:require_user] rendered_or_redirected.
Completed in 11ms (DB: 2) | 302 Found [http://localhost/login]
  [4;36;1mSQL (0.1ms)[0m   [0;1mSET NAMES 'utf8'[0m
  [4;35;1mSQL (0.1ms)[0m   [0mSET SQL_AUTO_IS_NULL=0[0m


Processing UserSessionsController#login (for 127.0.0.1 at 2010-10-22 12:29:35) [GET]
  Parameters: {"action"=>"login", "controller"=>"user_sessions"}
  [4;36;1mUser Columns (1.5ms)[0m   [0;1mSHOW FIELDS FROM `users`[0m
Redirected to http://localhost:3000/login
Filter chain halted as [:require_user] rendered_or_redirected.
Completed in 10ms (DB: 2) | 302 Found [http://localhost/login]
  [4;35;1mSQL (0.1ms)[0m   [0mSET NAMES 'utf8'[0m
  [4;36;1mSQL (0.1ms)[0m   [0;1mSET SQL_AUTO_IS_NULL=0[0m


Processing UserSessionsController#login (for 127.0.0.1 at 2010-10-22 12:29:35) [GET]
  Parameters: {"action"=>"login", "controller"=>"user_sessions"}
  [4;35;1mUser Columns (1.5ms)[0m   [0mSHOW FIELDS FROM `users`[0m
Redirected to http://localhost:3000/login
Filter chain halted as [:require_user] rendered_or_redirected.
Completed in 12ms (DB: 2) | 302 Found [http://localhost/login]
  [4;36;1mSQL (0.1ms)[0m   [0;1mSET NAMES 'utf8'[0m
  [4;35;1mSQL (0.1ms)[0m   [0mSET SQL_AUTO_IS_NULL=0[0m


Processing UserSessionsController#login (for 127.0.0.1 at 2010-10-22 12:29:35) [GET]
  Parameters: {"action"=>"login", "controller"=>"user_sessions"}
  [4;36;1mUser Columns (1.6ms)[0m   [0;1mSHOW FIELDS FROM `users`[0m
Redirected to http://localhost:3000/login
Filter chain halted as [:require_user] rendered_or_redirected.
Completed in 11ms (DB: 2) | 302 Found [http://localhost/login]
  [4;35;1mSQL (0.1ms)[0m   [0mSET NAMES 'utf8'[0m
  [4;36;1mSQL (0.1ms)[0m   [0;1mSET SQL_AUTO_IS_NULL=0[0m


Processing UserSessionsController#login (for 127.0.0.1 at 2010-10-22 12:29:35) [GET]
  Parameters: {"action"=>"login", "controller"=>"user_sessions"}
  [4;35;1mUser Columns (1.5ms)[0m   [0mSHOW FIELDS FROM `users`[0m
Redirected to http://localhost:3000/login
Filter chain halted as [:require_user] rendered_or_redirected.
Completed in 10ms (DB: 2) | 302 Found [http://localhost/login]
  [4;36;1mSQL (0.1ms)[0m   [0;1mSET NAMES 'utf8'[0m
  [4;35;1mSQL (0.1ms)[0m   [0mSET SQL_AUTO_IS_NULL=0[0m


Processing UserSessionsController#login (for 127.0.0.1 at 2010-10-22 12:29:35) [GET]
  Parameters: {"action"=>"login", "controller"=>"user_sessions"}
  [4;36;1mUser Columns (1.4ms)[0m   [0;1mSHOW FIELDS FROM `users`[0m
Redirected to http://localhost:3000/login
Filter chain halted as [:require_user] rendered_or_redirected.
Completed in 11ms (DB: 2) | 302 Found [http://localhost/login]
  [4;35;1mSQL (0.1ms)[0m   [0mSET NAMES 'utf8'[0m
  [4;36;1mSQL (0.1ms)[0m   [0;1mSET SQL_AUTO_IS_NULL=0[0m


Processing UserSessionsController#login (for 127.0.0.1 at 2010-10-22 12:29:35) [GET]
  Parameters: {"action"=>"login", "controller"=>"user_sessions"}
  [4;35;1mUser Columns (1.6ms)[0m   [0mSHOW FIELDS FROM `users`[0m
Redirected to http://localhost:3000/login
Filter chain halted as [:require_user] rendered_or_redirected.
Completed in 11ms (DB: 2) | 302 Found [http://localhost/login]
  [4;36;1mSQL (0.1ms)[0m   [0;1mSET NAMES 'utf8'[0m
  [4;35;1mSQL (0.1ms)[0m   [0mSET SQL_AUTO_IS_NULL=0[0m


Processing UserSessionsController#login (for 127.0.0.1 at 2010-10-22 12:29:35) [GET]
  Parameters: {"action"=>"login", "controller"=>"user_sessions"}
  [4;36;1mUser Columns (1.6ms)[0m   [0;1mSHOW FIELDS FROM `users`[0m
Redirected to http://localhost:3000/login
Filter chain halted as [:require_user] rendered_or_redirected.
Completed in 13ms (DB: 2) | 302 Found [http://localhost/login]
  [4;35;1mSQL (0.1ms)[0m   [0mSET NAMES 'utf8'[0m
  [4;36;1mSQL (0.1ms)[0m   [0;1mSET SQL_AUTO_IS_NULL=0[0m


Processing UserSessionsController#login (for 127.0.0.1 at 2010-10-22 12:29:35) [GET]
  Parameters: {"action"=>"login", "controller"=>"user_sessions"}
  [4;35;1mUser Columns (1.5ms)[0m   [0mSHOW FIELDS FROM `users`[0m
Redirected to http://localhost:3000/login
Filter chain halted as [:require_user] rendered_or_redirected.
Completed in 11ms (DB: 2) | 302 Found [http://localhost/login]
  [4;36;1mSQL (0.1ms)[0m   [0;1mSET NAMES 'utf8'[0m
  [4;35;1mSQL (0.1ms)[0m   [0mSET SQL_AUTO_IS_NULL=0[0m


Processing UserSessionsController#login (for 127.0.0.1 at 2010-10-22 12:29:36) [GET]
  Parameters: {"action"=>"login", "controller"=>"user_sessions"}
  [4;36;1mUser Columns (1.5ms)[0m   [0;1mSHOW FIELDS FROM `users`[0m
Redirected to http://localhost:3000/login
Filter chain halted as [:require_user] rendered_or_redirected.
Completed in 10ms (DB: 2) | 302 Found [http://localhost/login]
  [4;35;1mSQL (0.1ms)[0m   [0mSET NAMES 'utf8'[0m
  [4;36;1mSQL (0.1ms)[0m   [0;1mSET SQL_AUTO_IS_NULL=0[0m


Processing UserSessionsController#login (for 127.0.0.1 at 2010-10-22 12:29:36) [GET]
  Parameters: {"action"=>"login", "controller"=>"user_sessions"}
  [4;35;1mUser Columns (1.6ms)[0m   [0mSHOW FIELDS FROM `users`[0m
Redirected to http://localhost:3000/login
Filter chain halted as [:require_user] rendered_or_redirected.
Completed in 14ms (DB: 2) | 302 Found [http://localhost/login]
  [4;36;1mSQL (0.1ms)[0m   [0;1mSET NAMES 'utf8'[0m
  [4;35;1mSQL (0.1ms)[0m   [0mSET SQL_AUTO_IS_NULL=0[0m


Processing UserSessionsController#login (for 127.0.0.1 at 2010-10-22 12:29:36) [GET]
  Parameters: {"action"=>"login", "controller"=>"user_sessions"}
  [4;36;1mUser Columns (1.7ms)[0m   [0;1mSHOW FIELDS FROM `users`[0m
Redirected to http://localhost:3000/login
Filter chain halted as [:require_user] rendered_or_redirected.
Completed in 81ms (DB: 2) | 302 Found [http://localhost/login]
  [4;35;1mSQL (0.1ms)[0m   [0mSET NAMES 'utf8'[0m
  [4;36;1mSQL (0.1ms)[0m   [0;1mSET SQL_AUTO_IS_NULL=0[0m


Processing UserSessionsController#login (for 127.0.0.1 at 2010-10-22 12:29:37) [GET]
  Parameters: {"action"=>"login", "controller"=>"user_sessions"}
  [4;35;1mUser Columns (1.6ms)[0m   [0mSHOW FIELDS FROM `users`[0m
Redirected to http://localhost:3000/login
Filter chain halted as [:require_user] rendered_or_redirected.
Completed in 11ms (DB: 2) | 302 Found [http://localhost/login]
  [4;36;1mSQL (0.1ms)[0m   [0;1mSET NAMES 'utf8'[0m
  [4;35;1mSQL (0.1ms)[0m   [0mSET SQL_AUTO_IS_NULL=0[0m


Processing UserSessionsController#login (for 127.0.0.1 at 2010-10-22 12:29:37) [GET]
  Parameters: {"action"=>"login", "controller"=>"user_sessions"}
  [4;36;1mUser Columns (15.9ms)[0m   [0;1mSHOW FIELDS FROM `users`[0m
Redirected to http://localhost:3000/login
Filter chain halted as [:require_user] rendered_or_redirected.
Completed in 25ms (DB: 16) | 302 Found [http://localhost/login]
  [4;35;1mSQL (0.1ms)[0m   [0mSET NAMES 'utf8'[0m
  [4;36;1mSQL (0.1ms)[0m   [0;1mSET SQL_AUTO_IS_NULL=0[0m


Processing UserSessionsController#login (for 127.0.0.1 at 2010-10-22 12:29:38) [GET]
  Parameters: {"action"=>"login", "controller"=>"user_sessions"}
  [4;35;1mUser Columns (1.6ms)[0m   [0mSHOW FIELDS FROM `users`[0m
Redirected to http://localhost:3000/login
Filter chain halted as [:require_user] rendered_or_redirected.
Completed in 11ms (DB: 2) | 302 Found [http://localhost/login]
  [4;36;1mSQL (0.1ms)[0m   [0;1mSET NAMES 'utf8'[0m
  [4;35;1mSQL (0.1ms)[0m   [0mSET SQL_AUTO_IS_NULL=0[0m


Processing UserSessionsController#login (for 127.0.0.1 at 2010-10-22 12:29:38) [GET]
  Parameters: {"action"=>"login", "controller"=>"user_sessions"}
  [4;36;1mUser Columns (1.5ms)[0m   [0;1mSHOW FIELDS FROM `users`[0m
Redirected to http://localhost:3000/login
Filter chain halted as [:require_user] rendered_or_redirected.
Completed in 84ms (DB: 2) | 302 Found [http://localhost/login]
  [4;35;1mSQL (0.1ms)[0m   [0mSET NAMES 'utf8'[0m
  [4;36;1mSQL (0.1ms)[0m   [0;1mSET SQL_AUTO_IS_NULL=0[0m


Processing UserSessionsController#login (for 127.0.0.1 at 2010-10-22 12:29:38) [GET]
  Parameters: {"action"=>"login", "controller"=>"user_sessions"}
  [4;35;1mUser Columns (1.6ms)[0m   [0mSHOW FIELDS FROM `users`[0m
Redirected to http://localhost:3000/login
Filter chain halted as [:require_user] rendered_or_redirected.
Completed in 11ms (DB: 2) | 302 Found [http://localhost/login]
  [4;36;1mSQL (0.1ms)[0m   [0;1mSET NAMES 'utf8'[0m
  [4;35;1mSQL (0.1ms)[0m   [0mSET SQL_AUTO_IS_NULL=0[0m


Processing UserSessionsController#login (for 127.0.0.1 at 2010-10-22 12:29:38) [GET]
  Parameters: {"action"=>"login", "controller"=>"user_sessions"}
  [4;36;1mUser Columns (1.5ms)[0m   [0;1mSHOW FIELDS FROM `users`[0m
Redirected to http://localhost:3000/login
Filter chain halted as [:require_user] rendered_or_redirected.
Completed in 11ms (DB: 2) | 302 Found [http://localhost/login]
  [4;35;1mSQL (0.1ms)[0m   [0mSET NAMES 'utf8'[0m
  [4;36;1mSQL (0.1ms)[0m   [0;1mSET SQL_AUTO_IS_NULL=0[0m


Processing UserSessionsController#login (for 127.0.0.1 at 2010-10-22 12:29:38) [GET]
  Parameters: {"action"=>"login", "controller"=>"user_sessions"}
  [4;35;1mUser Columns (1.5ms)[0m   [0mSHOW FIELDS FROM `users`[0m
Redirected to http://localhost:3000/login
Filter chain halted as [:require_user] rendered_or_redirected.
Completed in 11ms (DB: 2) | 302 Found [http://localhost/login]
  [4;36;1mSQL (0.1ms)[0m   [0;1mSET NAMES 'utf8'[0m
  [4;35;1mSQL (0.1ms)[0m   [0mSET SQL_AUTO_IS_NULL=0[0m


Processing UserSessionsController#login (for 127.0.0.1 at 2010-10-22 12:29:38) [GET]
  Parameters: {"action"=>"login", "controller"=>"user_sessions"}
  [4;36;1mUser Columns (1.7ms)[0m   [0;1mSHOW FIELDS FROM `users`[0m
Redirected to http://localhost:3000/login
Filter chain halted as [:require_user] rendered_or_redirected.
Completed in 11ms (DB: 2) | 302 Found [http://localhost/login]
  [4;35;1mSQL (0.1ms)[0m   [0mSET NAMES 'utf8'[0m
  [4;36;1mSQL (0.1ms)[0m   [0;1mSET SQL_AUTO_IS_NULL=0[0m


Processing UserSessionsController#login (for 127.0.0.1 at 2010-10-22 12:29:38) [GET]
  Parameters: {"action"=>"login", "controller"=>"user_sessions"}
  [4;35;1mUser Columns (1.4ms)[0m   [0mSHOW FIELDS FROM `users`[0m
Redirected to http://localhost:3000/login
Filter chain halted as [:require_user] rendered_or_redirected.
Completed in 11ms (DB: 2) | 302 Found [http://localhost/login]
  [4;36;1mSQL (0.1ms)[0m   [0;1mSET NAMES 'utf8'[0m
  [4;35;1mSQL (0.1ms)[0m   [0mSET SQL_AUTO_IS_NULL=0[0m


Processing UserSessionsController#login (for 127.0.0.1 at 2010-10-22 12:29:38) [GET]
  Parameters: {"action"=>"login", "controller"=>"user_sessions"}
  [4;36;1mUser Columns (1.6ms)[0m   [0;1mSHOW FIELDS FROM `users`[0m
Redirected to http://localhost:3000/login
Filter chain halted as [:require_user] rendered_or_redirected.
Completed in 11ms (DB: 2) | 302 Found [http://localhost/login]
  [4;35;1mSQL (0.1ms)[0m   [0mSET NAMES 'utf8'[0m
  [4;36;1mSQL (0.1ms)[0m   [0;1mSET SQL_AUTO_IS_NULL=0[0m


Processing UserSessionsController#login (for 127.0.0.1 at 2010-10-22 12:29:38) [GET]
  Parameters: {"action"=>"login", "controller"=>"user_sessions"}
  [4;35;1mUser Columns (1.5ms)[0m   [0mSHOW FIELDS FROM `users`[0m
Redirected to http://localhost:3000/login
Filter chain halted as [:require_user] rendered_or_redirected.
Completed in 12ms (DB: 2) | 302 Found [http://localhost/login]
  [4;36;1mSQL (0.1ms)[0m   [0;1mSET NAMES 'utf8'[0m
  [4;35;1mSQL (0.1ms)[0m   [0mSET SQL_AUTO_IS_NULL=0[0m


Processing UserSessionsController#login (for 127.0.0.1 at 2010-10-22 12:29:38) [GET]
  Parameters: {"action"=>"login", "controller"=>"user_sessions"}
  [4;36;1mUser Columns (1.6ms)[0m   [0;1mSHOW FIELDS FROM `users`[0m
Redirected to http://localhost:3000/login
Filter chain halted as [:require_user] rendered_or_redirected.
Completed in 11ms (DB: 2) | 302 Found [http://localhost/login]
  [4;35;1mSQL (0.1ms)[0m   [0mSET NAMES 'utf8'[0m
  [4;36;1mSQL (0.1ms)[0m   [0;1mSET SQL_AUTO_IS_NULL=0[0m


Processing UserSessionsController#login (for 127.0.0.1 at 2010-10-22 12:29:38) [GET]
  Parameters: {"action"=>"login", "controller"=>"user_sessions"}
  [4;35;1mUser Columns (1.6ms)[0m   [0mSHOW FIELDS FROM `users`[0m
Redirected to http://localhost:3000/login
Filter chain halted as [:require_user] rendered_or_redirected.
Completed in 11ms (DB: 2) | 302 Found [http://localhost/login]
  [4;36;1mSQL (0.1ms)[0m   [0;1mSET NAMES 'utf8'[0m
  [4;35;1mSQL (0.1ms)[0m   [0mSET SQL_AUTO_IS_NULL=0[0m


Processing UserSessionsController#login (for 127.0.0.1 at 2010-10-22 12:29:38) [GET]
  Parameters: {"action"=>"login", "controller"=>"user_sessions"}
  [4;36;1mUser Columns (1.7ms)[0m   [0;1mSHOW FIELDS FROM `users`[0m
Redirected to http://localhost:3000/login
Filter chain halted as [:require_user] rendered_or_redirected.
Completed in 12ms (DB: 2) | 302 Found [http://localhost/login]
  [4;35;1mSQL (0.1ms)[0m   [0mSET NAMES 'utf8'[0m
  [4;36;1mSQL (0.1ms)[0m   [0;1mSET SQL_AUTO_IS_NULL=0[0m


Processing UserSessionsController#login (for 127.0.0.1 at 2010-10-22 12:29:38) [GET]
  Parameters: {"action"=>"login", "controller"=>"user_sessions"}
  [4;35;1mUser Columns (1.5ms)[0m   [0mSHOW FIELDS FROM `users`[0m
Redirected to http://localhost:3000/login
Filter chain halted as [:require_user] rendered_or_redirected.
Completed in 10ms (DB: 2) | 302 Found [http://localhost/login]
  [4;36;1mSQL (0.1ms)[0m   [0;1mSET NAMES 'utf8'[0m
  [4;35;1mSQL (0.1ms)[0m   [0mSET SQL_AUTO_IS_NULL=0[0m


Processing UserSessionsController#login (for 127.0.0.1 at 2010-10-22 12:29:38) [GET]
  Parameters: {"action"=>"login", "controller"=>"user_sessions"}
  [4;36;1mUser Columns (1.5ms)[0m   [0;1mSHOW FIELDS FROM `users`[0m
Redirected to http://localhost:3000/login
Filter chain halted as [:require_user] rendered_or_redirected.
Completed in 11ms (DB: 2) | 302 Found [http://localhost/login]
  [4;35;1mSQL (0.1ms)[0m   [0mSET NAMES 'utf8'[0m
  [4;36;1mSQL (0.1ms)[0m   [0;1mSET SQL_AUTO_IS_NULL=0[0m


Processing UserSessionsController#login (for 127.0.0.1 at 2010-10-22 12:29:38) [GET]
  Parameters: {"action"=>"login", "controller"=>"user_sessions"}
  [4;35;1mUser Columns (1.5ms)[0m   [0mSHOW FIELDS FROM `users`[0m
Redirected to http://localhost:3000/login
Filter chain halted as [:require_user] rendered_or_redirected.
Completed in 81ms (DB: 2) | 302 Found [http://localhost/login]
  [4;36;1mSQL (0.1ms)[0m   [0;1mSET NAMES 'utf8'[0m
  [4;35;1mSQL (0.1ms)[0m   [0mSET SQL_AUTO_IS_NULL=0[0m


Processing UserSessionsController#login (for 127.0.0.1 at 2010-10-22 12:29:38) [GET]
  Parameters: {"action"=>"login", "controller"=>"user_sessions"}
  [4;36;1mUser Columns (1.5ms)[0m   [0;1mSHOW FIELDS FROM `users`[0m
Redirected to http://localhost:3000/login
Filter chain halted as [:require_user] rendered_or_redirected.
Completed in 11ms (DB: 2) | 302 Found [http://localhost/login]
  [4;35;1mSQL (0.1ms)[0m   [0mSET NAMES 'utf8'[0m
  [4;36;1mSQL (0.1ms)[0m   [0;1mSET SQL_AUTO_IS_NULL=0[0m


Processing UserSessionsController#login (for 127.0.0.1 at 2010-10-22 12:29:38) [GET]
  Parameters: {"action"=>"login", "controller"=>"user_sessions"}
  [4;35;1mUser Columns (1.6ms)[0m   [0mSHOW FIELDS FROM `users`[0m
Redirected to http://localhost:3000/login
Filter chain halted as [:require_user] rendered_or_redirected.
Completed in 11ms (DB: 2) | 302 Found [http://localhost/login]
  [4;36;1mSQL (0.1ms)[0m   [0;1mSET NAMES 'utf8'[0m
  [4;35;1mSQL (0.1ms)[0m   [0mSET SQL_AUTO_IS_NULL=0[0m


Processing UserSessionsController#login (for 127.0.0.1 at 2010-10-22 12:29:38) [GET]
  Parameters: {"action"=>"login", "controller"=>"user_sessions"}
  [4;36;1mUser Columns (1.5ms)[0m   [0;1mSHOW FIELDS FROM `users`[0m
Redirected to http://localhost:3000/login
Filter chain halted as [:require_user] rendered_or_redirected.
Completed in 11ms (DB: 2) | 302 Found [http://localhost/login]
  [4;35;1mSQL (0.1ms)[0m   [0mSET NAMES 'utf8'[0m
  [4;36;1mSQL (0.1ms)[0m   [0;1mSET SQL_AUTO_IS_NULL=0[0m


Processing UserSessionsController#login (for 127.0.0.1 at 2010-10-22 12:29:39) [GET]
  Parameters: {"action"=>"login", "controller"=>"user_sessions"}
  [4;35;1mUser Columns (1.5ms)[0m   [0mSHOW FIELDS FROM `users`[0m
Redirected to http://localhost:3000/login
Filter chain halted as [:require_user] rendered_or_redirected.
Completed in 11ms (DB: 2) | 302 Found [http://localhost/login]
  [4;36;1mSQL (0.1ms)[0m   [0;1mSET NAMES 'utf8'[0m
  [4;35;1mSQL (0.1ms)[0m   [0mSET SQL_AUTO_IS_NULL=0[0m


Processing UserSessionsController#login (for 127.0.0.1 at 2010-10-22 12:30:38) [GET]
  Parameters: {"action"=>"login", "controller"=>"user_sessions"}
  [4;36;1mUser Columns (1.6ms)[0m   [0;1mSHOW FIELDS FROM `users`[0m
  [4;35;1mSQL (134.5ms)[0m   [0mSHOW TABLES[0m

NoMethodError (undefined method `authenticate' for #<Class:0x10352cb38>):
  app/controllers/user_sessions_controller.rb:8:in `login'
  /Users/tiago/.rvm/rubies/ruby-1.8.7-p174/lib/ruby/1.8/webrick/httpserver.rb:104:in `service'
  /Users/tiago/.rvm/rubies/ruby-1.8.7-p174/lib/ruby/1.8/webrick/httpserver.rb:65:in `run'
  /Users/tiago/.rvm/rubies/ruby-1.8.7-p174/lib/ruby/1.8/webrick/server.rb:173:in `start_thread'
  /Users/tiago/.rvm/rubies/ruby-1.8.7-p174/lib/ruby/1.8/webrick/server.rb:162:in `start'
  /Users/tiago/.rvm/rubies/ruby-1.8.7-p174/lib/ruby/1.8/webrick/server.rb:162:in `start_thread'
  /Users/tiago/.rvm/rubies/ruby-1.8.7-p174/lib/ruby/1.8/webrick/server.rb:95:in `start'
  /Users/tiago/.rvm/rubies/ruby-1.8.7-p174/lib/ruby/1.8/webrick/server.rb:92:in `each'
  /Users/tiago/.rvm/rubies/ruby-1.8.7-p174/lib/ruby/1.8/webrick/server.rb:92:in `start'
  /Users/tiago/.rvm/rubies/ruby-1.8.7-p174/lib/ruby/1.8/webrick/server.rb:23:in `start'
  /Users/tiago/.rvm/rubies/ruby-1.8.7-p174/lib/ruby/1.8/webrick/server.rb:82:in `start'

Rendered rescues/_trace (39.8ms)
Rendered rescues/_request_and_response (1.3ms)
Rendering rescues/layout (internal_server_error)
  [4;36;1mSQL (0.1ms)[0m   [0;1mSET NAMES 'utf8'[0m
  [4;35;1mSQL (0.1ms)[0m   [0mSET SQL_AUTO_IS_NULL=0[0m


Processing UserSessionsController#login (for 127.0.0.1 at 2010-10-22 12:31:49) [GET]
  Parameters: {"action"=>"login", "controller"=>"user_sessions"}
  [4;36;1mUser Columns (1.6ms)[0m   [0;1mSHOW FIELDS FROM `users`[0m
Rendering template within layouts/application
Rendering user_sessions/new

ActionView::TemplateError (undefined local variable or method `signup_path' for #<ActionView::Base:0x102f45990>) on line #3 of app/views/user_sessions/new.html.erb:
1: <% title "Log in" %>
2: 
3: <p>Don't have an account? <%= link_to "Sign up!", signup_path %></p>
4: 
5: <% form_tag user_sessions_path do %>
6:   <p>

    app/views/user_sessions/new.html.erb:3
    app/controllers/user_sessions_controller.rb:15:in `login'
    /Users/tiago/.rvm/rubies/ruby-1.8.7-p174/lib/ruby/1.8/webrick/httpserver.rb:104:in `service'
    /Users/tiago/.rvm/rubies/ruby-1.8.7-p174/lib/ruby/1.8/webrick/httpserver.rb:65:in `run'
    /Users/tiago/.rvm/rubies/ruby-1.8.7-p174/lib/ruby/1.8/webrick/server.rb:173:in `start_thread'
    /Users/tiago/.rvm/rubies/ruby-1.8.7-p174/lib/ruby/1.8/webrick/server.rb:162:in `start'
    /Users/tiago/.rvm/rubies/ruby-1.8.7-p174/lib/ruby/1.8/webrick/server.rb:162:in `start_thread'
    /Users/tiago/.rvm/rubies/ruby-1.8.7-p174/lib/ruby/1.8/webrick/server.rb:95:in `start'
    /Users/tiago/.rvm/rubies/ruby-1.8.7-p174/lib/ruby/1.8/webrick/server.rb:92:in `each'
    /Users/tiago/.rvm/rubies/ruby-1.8.7-p174/lib/ruby/1.8/webrick/server.rb:92:in `start'
    /Users/tiago/.rvm/rubies/ruby-1.8.7-p174/lib/ruby/1.8/webrick/server.rb:23:in `start'
    /Users/tiago/.rvm/rubies/ruby-1.8.7-p174/lib/ruby/1.8/webrick/server.rb:82:in `start'

Rendered rescues/_trace (49.6ms)
Rendered rescues/_request_and_response (0.3ms)
Rendering rescues/layout (internal_server_error)
  [4;35;1mSQL (0.1ms)[0m   [0mSET NAMES 'utf8'[0m
  [4;36;1mSQL (0.1ms)[0m   [0;1mSET SQL_AUTO_IS_NULL=0[0m


Processing UserSessionsController#login (for 127.0.0.1 at 2010-10-22 12:32:19) [GET]
  Parameters: {"action"=>"login", "controller"=>"user_sessions"}
  [4;35;1mUser Columns (1.6ms)[0m   [0mSHOW FIELDS FROM `users`[0m
Rendering template within layouts/application
Rendering user_sessions/new

ActionView::TemplateError (undefined local variable or method `signup_path' for #<ActionView::Base:0x10301f4b0>) on line #3 of app/views/user_sessions/new.html.erb:
1: <% title "Log in" %>
2: 
3: <p>Don't have an account? <%= link_to "Sign up!", signup_path %></p>
4: 
5: <% form_tag user_sessions_path do %>
6:   <p>

    app/views/user_sessions/new.html.erb:3
    app/controllers/user_sessions_controller.rb:15:in `login'
    /Users/tiago/.rvm/rubies/ruby-1.8.7-p174/lib/ruby/1.8/webrick/httpserver.rb:104:in `service'
    /Users/tiago/.rvm/rubies/ruby-1.8.7-p174/lib/ruby/1.8/webrick/httpserver.rb:65:in `run'
    /Users/tiago/.rvm/rubies/ruby-1.8.7-p174/lib/ruby/1.8/webrick/server.rb:173:in `start_thread'
    /Users/tiago/.rvm/rubies/ruby-1.8.7-p174/lib/ruby/1.8/webrick/server.rb:162:in `start'
    /Users/tiago/.rvm/rubies/ruby-1.8.7-p174/lib/ruby/1.8/webrick/server.rb:162:in `start_thread'
    /Users/tiago/.rvm/rubies/ruby-1.8.7-p174/lib/ruby/1.8/webrick/server.rb:95:in `start'
    /Users/tiago/.rvm/rubies/ruby-1.8.7-p174/lib/ruby/1.8/webrick/server.rb:92:in `each'
    /Users/tiago/.rvm/rubies/ruby-1.8.7-p174/lib/ruby/1.8/webrick/server.rb:92:in `start'
    /Users/tiago/.rvm/rubies/ruby-1.8.7-p174/lib/ruby/1.8/webrick/server.rb:23:in `start'
    /Users/tiago/.rvm/rubies/ruby-1.8.7-p174/lib/ruby/1.8/webrick/server.rb:82:in `start'

Rendered rescues/_trace (130.1ms)
Rendered rescues/_request_and_response (0.3ms)
Rendering rescues/layout (internal_server_error)
  [4;36;1mSQL (0.1ms)[0m   [0;1mSET NAMES 'utf8'[0m
  [4;35;1mSQL (0.1ms)[0m   [0mSET SQL_AUTO_IS_NULL=0[0m


Processing UserSessionsController#login (for 127.0.0.1 at 2010-10-22 12:32:20) [GET]
  Parameters: {"action"=>"login", "controller"=>"user_sessions"}
  [4;36;1mUser Columns (1.6ms)[0m   [0;1mSHOW FIELDS FROM `users`[0m
Rendering template within layouts/application
Rendering user_sessions/new

ActionView::TemplateError (undefined local variable or method `signup_path' for #<ActionView::Base:0x1032ea5a0>) on line #3 of app/views/user_sessions/new.html.erb:
1: <% title "Log in" %>
2: 
3: <p>Don't have an account? <%= link_to "Sign up!", signup_path %></p>
4: 
5: <% form_tag user_sessions_path do %>
6:   <p>

    app/views/user_sessions/new.html.erb:3
    app/controllers/user_sessions_controller.rb:15:in `login'
    /Users/tiago/.rvm/rubies/ruby-1.8.7-p174/lib/ruby/1.8/webrick/httpserver.rb:104:in `service'
    /Users/tiago/.rvm/rubies/ruby-1.8.7-p174/lib/ruby/1.8/webrick/httpserver.rb:65:in `run'
    /Users/tiago/.rvm/rubies/ruby-1.8.7-p174/lib/ruby/1.8/webrick/server.rb:173:in `start_thread'
    /Users/tiago/.rvm/rubies/ruby-1.8.7-p174/lib/ruby/1.8/webrick/server.rb:162:in `start'
    /Users/tiago/.rvm/rubies/ruby-1.8.7-p174/lib/ruby/1.8/webrick/server.rb:162:in `start_thread'
    /Users/tiago/.rvm/rubies/ruby-1.8.7-p174/lib/ruby/1.8/webrick/server.rb:95:in `start'
    /Users/tiago/.rvm/rubies/ruby-1.8.7-p174/lib/ruby/1.8/webrick/server.rb:92:in `each'
    /Users/tiago/.rvm/rubies/ruby-1.8.7-p174/lib/ruby/1.8/webrick/server.rb:92:in `start'
    /Users/tiago/.rvm/rubies/ruby-1.8.7-p174/lib/ruby/1.8/webrick/server.rb:23:in `start'
    /Users/tiago/.rvm/rubies/ruby-1.8.7-p174/lib/ruby/1.8/webrick/server.rb:82:in `start'

Rendered rescues/_trace (131.3ms)
Rendered rescues/_request_and_response (0.3ms)
Rendering rescues/layout (internal_server_error)
  [4;35;1mSQL (0.1ms)[0m   [0mSET NAMES 'utf8'[0m
  [4;36;1mSQL (1.5ms)[0m   [0;1mSET SQL_AUTO_IS_NULL=0[0m


Processing UserSessionsController#login (for 127.0.0.1 at 2010-10-22 12:32:20) [GET]
  Parameters: {"action"=>"login", "controller"=>"user_sessions"}
  [4;35;1mUser Columns (1.7ms)[0m   [0mSHOW FIELDS FROM `users`[0m
Rendering template within layouts/application
Rendering user_sessions/new

ActionView::TemplateError (undefined local variable or method `signup_path' for #<ActionView::Base:0x103516e50>) on line #3 of app/views/user_sessions/new.html.erb:
1: <% title "Log in" %>
2: 
3: <p>Don't have an account? <%= link_to "Sign up!", signup_path %></p>
4: 
5: <% form_tag user_sessions_path do %>
6:   <p>

    app/views/user_sessions/new.html.erb:3
    app/controllers/user_sessions_controller.rb:15:in `login'
    /Users/tiago/.rvm/rubies/ruby-1.8.7-p174/lib/ruby/1.8/webrick/httpserver.rb:104:in `service'
    /Users/tiago/.rvm/rubies/ruby-1.8.7-p174/lib/ruby/1.8/webrick/httpserver.rb:65:in `run'
    /Users/tiago/.rvm/rubies/ruby-1.8.7-p174/lib/ruby/1.8/webrick/server.rb:173:in `start_thread'
    /Users/tiago/.rvm/rubies/ruby-1.8.7-p174/lib/ruby/1.8/webrick/server.rb:162:in `start'
    /Users/tiago/.rvm/rubies/ruby-1.8.7-p174/lib/ruby/1.8/webrick/server.rb:162:in `start_thread'
    /Users/tiago/.rvm/rubies/ruby-1.8.7-p174/lib/ruby/1.8/webrick/server.rb:95:in `start'
    /Users/tiago/.rvm/rubies/ruby-1.8.7-p174/lib/ruby/1.8/webrick/server.rb:92:in `each'
    /Users/tiago/.rvm/rubies/ruby-1.8.7-p174/lib/ruby/1.8/webrick/server.rb:92:in `start'
    /Users/tiago/.rvm/rubies/ruby-1.8.7-p174/lib/ruby/1.8/webrick/server.rb:23:in `start'
    /Users/tiago/.rvm/rubies/ruby-1.8.7-p174/lib/ruby/1.8/webrick/server.rb:82:in `start'

Rendered rescues/_trace (47.6ms)
Rendered rescues/_request_and_response (0.3ms)
Rendering rescues/layout (internal_server_error)
  [4;36;1mSQL (0.1ms)[0m   [0;1mSET NAMES 'utf8'[0m
  [4;35;1mSQL (0.1ms)[0m   [0mSET SQL_AUTO_IS_NULL=0[0m


Processing UserSessionsController#login (for 127.0.0.1 at 2010-10-22 12:33:27) [GET]
  Parameters: {"action"=>"login", "controller"=>"user_sessions"}
  [4;36;1mUser Columns (1.7ms)[0m   [0;1mSHOW FIELDS FROM `users`[0m
Rendering template within layouts/application
Rendering user_sessions/new
Completed in 137ms (View: 50, DB: 2) | 200 OK [http://localhost/login]
  [4;35;1mSQL (0.1ms)[0m   [0mSET NAMES 'utf8'[0m
  [4;36;1mSQL (0.1ms)[0m   [0;1mSET SQL_AUTO_IS_NULL=0[0m


Processing UserSessionsController#login (for 127.0.0.1 at 2010-10-22 12:33:35) [GET]
  Parameters: {"action"=>"login", "controller"=>"user_sessions"}
  [4;35;1mUser Columns (24.9ms)[0m   [0mSHOW FIELDS FROM `users`[0m
Rendering template within layouts/application
Rendering user_sessions/new
Completed in 42ms (View: 7, DB: 25) | 200 OK [http://localhost/login]
  [4;36;1mSQL (0.2ms)[0m   [0;1mSET NAMES 'utf8'[0m
  [4;35;1mSQL (0.1ms)[0m   [0mSET SQL_AUTO_IS_NULL=0[0m


Processing UserSessionsController#login (for 127.0.0.1 at 2010-10-22 12:33:54) [GET]
  Parameters: {"action"=>"login", "controller"=>"user_sessions"}
  [4;36;1mUser Columns (1.7ms)[0m   [0;1mSHOW FIELDS FROM `users`[0m
Rendering template within layouts/application
Rendering user_sessions/new
Completed in 27ms (View: 15, DB: 2) | 200 OK [http://localhost/login]
  [4;36;1mSQL (0.1ms)[0m   [0;1mSET NAMES 'utf8'[0m
  [4;35;1mSQL (0.1ms)[0m   [0mSET SQL_AUTO_IS_NULL=0[0m
  [4;36;1mUser Columns (1.5ms)[0m   [0;1mSHOW FIELDS FROM `users`[0m
  [4;35;1mSQL (63.6ms)[0m   [0mBEGIN[0m
  [4;36;1mUser Load (103.4ms)[0m   [0;1mSELECT `users`.id FROM `users` WHERE (LOWER(`users`.`login`) = BINARY 'tspaulino') LIMIT 1[0m
  [4;35;1mUser Load (0.4ms)[0m   [0mSELECT `users`.id FROM `users` WHERE (`users`.`persistence_token` = BINARY '3131fbfd06f95fa46229215c284cea134bc3ac2f3d978567020c77cf961345d6b4377a022c778b6c33b96a6926d288e83125acfd6b395cf2ea2b4184699dd1bc') LIMIT 1[0m
  [4;36;1mSQL (19.4ms)[0m   [0;1mROLLBACK[0m
  [4;35;1mSQL (0.2ms)[0m   [0mBEGIN[0m
  [4;36;1mUser Load (0.4ms)[0m   [0;1mSELECT `users`.id FROM `users` WHERE (LOWER(`users`.`email`) = BINARY 'tspaulino@gmail.com') LIMIT 1[0m
  [4;35;1mUser Load (0.3ms)[0m   [0mSELECT `users`.id FROM `users` WHERE (LOWER(`users`.`login`) = BINARY 'tspaulino') LIMIT 1[0m
  [4;36;1mUser Load (0.7ms)[0m   [0;1mSELECT `users`.id FROM `users` WHERE (`users`.`persistence_token` = BINARY '3131fbfd06f95fa46229215c284cea134bc3ac2f3d978567020c77cf961345d6b4377a022c778b6c33b96a6926d288e83125acfd6b395cf2ea2b4184699dd1bc') LIMIT 1[0m
  [4;35;1mUser Create (147.2ms)[0m   [0mINSERT INTO `users` (`name`, `created_at`, `crypted_password`, `updated_at`, `persistence_token`, `description`, `hometown`, `login`, `email`, `active`) VALUES('Tiago Paulino', '2010-10-22 14:34:53', '801869939bc17c490aee1822b8b29f0040f29439b2c1121f7e98d08cc2596d59868621a0b6a719acc6cdc0aa637e765ef3ad683b5f84f4ef5ae15d85263a94b2', '2010-10-22 14:34:53', '3131fbfd06f95fa46229215c284cea134bc3ac2f3d978567020c77cf961345d6b4377a022c778b6c33b96a6926d288e83125acfd6b395cf2ea2b4184699dd1bc', NULL, NULL, 'tspaulino', 'tspaulino@gmail.com', NULL)[0m
  [4;36;1mSQL (58.8ms)[0m   [0;1mCOMMIT[0m
  [4;35;1mSQL (0.2ms)[0m   [0mSET NAMES 'utf8'[0m
  [4;36;1mSQL (0.1ms)[0m   [0;1mSET SQL_AUTO_IS_NULL=0[0m


Processing UserSessionsController#login (for 127.0.0.1 at 2010-10-22 12:34:58) [POST]
  Parameters: {"commit"=>"Login", "user_session"=>{"remember_me"=>"0", "password"=>"[FILTERED]", "login"=>"tspaulino"}, "action"=>"login", "controller"=>"user_sessions"}
  [4;35;1mUser Columns (9.8ms)[0m   [0mSHOW FIELDS FROM `users`[0m
  [4;36;1mUser Load (24.7ms)[0m   [0;1mSELECT * FROM `users` WHERE (LOWER(`users`.login) = 'tspaulino') LIMIT 1[0m
Rendering template within layouts/application
Rendering user_sessions/new
Completed in 302ms (View: 8, DB: 35) | 200 OK [http://localhost/login]
  [4;35;1mSQL (0.9ms)[0m   [0mBEGIN[0m
  [4;36;1mUser Update (154.3ms)[0m   [0;1mUPDATE `users` SET `updated_at` = '2010-10-22 14:35:22', `active` = 1 WHERE `id` = 1[0m
  [4;35;1mSQL (20.4ms)[0m   [0mCOMMIT[0m
  [4;35;1mSQL (0.1ms)[0m   [0mSET NAMES 'utf8'[0m
  [4;36;1mSQL (0.1ms)[0m   [0;1mSET SQL_AUTO_IS_NULL=0[0m


Processing UserSessionsController#login (for 127.0.0.1 at 2010-10-22 12:35:27) [POST]
  Parameters: {"commit"=>"Login", "user_session"=>{"remember_me"=>"0", "password"=>"[FILTERED]", "login"=>"tspaulino"}, "action"=>"login", "controller"=>"user_sessions"}
  [4;35;1mUser Columns (1.7ms)[0m   [0mSHOW FIELDS FROM `users`[0m
  [4;36;1mUser Load (0.3ms)[0m   [0;1mSELECT * FROM `users` WHERE (LOWER(`users`.login) = 'tspaulino') LIMIT 1[0m
Redirected to http://localhost:3000/
Completed in 18ms (DB: 2) | 302 Found [http://localhost/login]
  [4;35;1mSQL (0.1ms)[0m   [0mSET NAMES 'utf8'[0m
  [4;36;1mSQL (0.1ms)[0m   [0;1mSET SQL_AUTO_IS_NULL=0[0m


Processing UsersController#index (for 127.0.0.1 at 2010-10-22 12:36:58) [GET]
  Parameters: {"action"=>"index", "controller"=>"users"}
  [4;35;1mUser Columns (1.6ms)[0m   [0mSHOW FIELDS FROM `users`[0m
  [4;36;1mUser Load (24.4ms)[0m   [0;1mSELECT * FROM `users` WHERE (`users`.`id` = '1') LIMIT 1[0m
  [4;35;1mUser Load (0.3ms)[0m   [0mSELECT * FROM `users` [0m
Rendering template within layouts/application
Rendering users/index
Completed in 416ms (View: 37, DB: 27) | 200 OK [http://localhost/]
  [4;36;1mSQL (0.1ms)[0m   [0;1mSET NAMES 'utf8'[0m
  [4;35;1mSQL (0.1ms)[0m   [0mSET SQL_AUTO_IS_NULL=0[0m


Processing UsersController#show (for 127.0.0.1 at 2010-10-22 12:39:43) [GET]
  Parameters: {"action"=>"show", "controller"=>"users"}
  [4;36;1mUser Columns (1.6ms)[0m   [0;1mSHOW FIELDS FROM `users`[0m
  [4;35;1mUser Load (46.7ms)[0m   [0mSELECT * FROM `users` WHERE (`users`.`id` = '1') LIMIT 1[0m

ActiveRecord::RecordNotFound (Couldn't find User without an ID):
  app/controllers/users_controller.rb:7:in `show'
  /Users/tiago/.rvm/rubies/ruby-1.8.7-p174/lib/ruby/1.8/webrick/httpserver.rb:104:in `service'
  /Users/tiago/.rvm/rubies/ruby-1.8.7-p174/lib/ruby/1.8/webrick/httpserver.rb:65:in `run'
  /Users/tiago/.rvm/rubies/ruby-1.8.7-p174/lib/ruby/1.8/webrick/server.rb:173:in `start_thread'
  /Users/tiago/.rvm/rubies/ruby-1.8.7-p174/lib/ruby/1.8/webrick/server.rb:162:in `start'
  /Users/tiago/.rvm/rubies/ruby-1.8.7-p174/lib/ruby/1.8/webrick/server.rb:162:in `start_thread'
  /Users/tiago/.rvm/rubies/ruby-1.8.7-p174/lib/ruby/1.8/webrick/server.rb:95:in `start'
  /Users/tiago/.rvm/rubies/ruby-1.8.7-p174/lib/ruby/1.8/webrick/server.rb:92:in `each'
  /Users/tiago/.rvm/rubies/ruby-1.8.7-p174/lib/ruby/1.8/webrick/server.rb:92:in `start'
  /Users/tiago/.rvm/rubies/ruby-1.8.7-p174/lib/ruby/1.8/webrick/server.rb:23:in `start'
  /Users/tiago/.rvm/rubies/ruby-1.8.7-p174/lib/ruby/1.8/webrick/server.rb:82:in `start'

Rendered rescues/_trace (119.2ms)
Rendered rescues/_request_and_response (1.2ms)
Rendering rescues/layout (not_found)
  [4;36;1mSQL (0.1ms)[0m   [0;1mSET NAMES 'utf8'[0m
  [4;35;1mSQL (0.1ms)[0m   [0mSET SQL_AUTO_IS_NULL=0[0m


Processing UsersController#show (for 127.0.0.1 at 2010-10-22 12:39:48) [GET]
  Parameters: {"action"=>"show", "controller"=>"users"}
  [4;36;1mUser Columns (1.6ms)[0m   [0;1mSHOW FIELDS FROM `users`[0m
  [4;35;1mUser Load (46.4ms)[0m   [0mSELECT * FROM `users` WHERE (`users`.`id` = '1') LIMIT 1[0m

ActiveRecord::RecordNotFound (Couldn't find User without an ID):
  app/controllers/users_controller.rb:7:in `show'
  /Users/tiago/.rvm/rubies/ruby-1.8.7-p174/lib/ruby/1.8/webrick/httpserver.rb:104:in `service'
  /Users/tiago/.rvm/rubies/ruby-1.8.7-p174/lib/ruby/1.8/webrick/httpserver.rb:65:in `run'
  /Users/tiago/.rvm/rubies/ruby-1.8.7-p174/lib/ruby/1.8/webrick/server.rb:173:in `start_thread'
  /Users/tiago/.rvm/rubies/ruby-1.8.7-p174/lib/ruby/1.8/webrick/server.rb:162:in `start'
  /Users/tiago/.rvm/rubies/ruby-1.8.7-p174/lib/ruby/1.8/webrick/server.rb:162:in `start_thread'
  /Users/tiago/.rvm/rubies/ruby-1.8.7-p174/lib/ruby/1.8/webrick/server.rb:95:in `start'
  /Users/tiago/.rvm/rubies/ruby-1.8.7-p174/lib/ruby/1.8/webrick/server.rb:92:in `each'
  /Users/tiago/.rvm/rubies/ruby-1.8.7-p174/lib/ruby/1.8/webrick/server.rb:92:in `start'
  /Users/tiago/.rvm/rubies/ruby-1.8.7-p174/lib/ruby/1.8/webrick/server.rb:23:in `start'
  /Users/tiago/.rvm/rubies/ruby-1.8.7-p174/lib/ruby/1.8/webrick/server.rb:82:in `start'

Rendered rescues/_trace (39.5ms)
Rendered rescues/_request_and_response (0.3ms)
Rendering rescues/layout (not_found)
  [4;36;1mSQL (0.1ms)[0m   [0;1mSET NAMES 'utf8'[0m
  [4;35;1mSQL (0.1ms)[0m   [0mSET SQL_AUTO_IS_NULL=0[0m


Processing UsersController#index (for 127.0.0.1 at 2010-10-22 12:40:06) [GET]
  Parameters: {"action"=>"index", "controller"=>"users"}
  [4;36;1mUser Columns (1.6ms)[0m   [0;1mSHOW FIELDS FROM `users`[0m
  [4;35;1mUser Load (0.4ms)[0m   [0mSELECT * FROM `users` WHERE (`users`.`id` = '1') LIMIT 1[0m
  [4;36;1mUser Load (0.3ms)[0m   [0;1mSELECT * FROM `users` [0m
Rendering template within layouts/application
Rendering users/index
Completed in 108ms (View: 3, DB: 2) | 200 OK [http://localhost/]
  [4;35;1mSQL (0.1ms)[0m   [0mSET NAMES 'utf8'[0m
  [4;36;1mSQL (0.1ms)[0m   [0;1mSET SQL_AUTO_IS_NULL=0[0m


Processing UsersController#index (for 127.0.0.1 at 2010-10-22 12:40:49) [GET]
  Parameters: {"action"=>"index", "controller"=>"users"}
  [4;35;1mUser Columns (1.6ms)[0m   [0mSHOW FIELDS FROM `users`[0m
  [4;36;1mUser Load (43.5ms)[0m   [0;1mSELECT * FROM `users` WHERE (`users`.`id` = '1') LIMIT 1[0m
  [4;35;1mUser Load (0.4ms)[0m   [0mSELECT * FROM `users` [0m
Rendering template within layouts/application
Rendering users/index
Completed in 64ms (View: 4, DB: 46) | 200 OK [http://localhost/]
  [4;36;1mSQL (0.1ms)[0m   [0;1mSET NAMES 'utf8'[0m
  [4;35;1mSQL (0.1ms)[0m   [0mSET SQL_AUTO_IS_NULL=0[0m


Processing UsersController#index (for 127.0.0.1 at 2010-10-22 12:40:50) [GET]
  Parameters: {"action"=>"index", "controller"=>"users"}
  [4;36;1mUser Columns (1.6ms)[0m   [0;1mSHOW FIELDS FROM `users`[0m
  [4;35;1mUser Load (45.4ms)[0m   [0mSELECT * FROM `users` WHERE (`users`.`id` = '1') LIMIT 1[0m
  [4;36;1mUser Load (0.3ms)[0m   [0;1mSELECT * FROM `users` [0m
Rendering template within layouts/application
Rendering users/index
Completed in 67ms (View: 4, DB: 48) | 200 OK [http://localhost/]
  [4;35;1mSQL (0.1ms)[0m   [0mSET NAMES 'utf8'[0m
  [4;36;1mSQL (0.1ms)[0m   [0;1mSET SQL_AUTO_IS_NULL=0[0m


Processing UsersController#index (for 127.0.0.1 at 2010-10-22 12:40:51) [GET]
  Parameters: {"action"=>"index", "controller"=>"users"}
  [4;35;1mUser Columns (1.6ms)[0m   [0mSHOW FIELDS FROM `users`[0m
  [4;36;1mUser Load (39.7ms)[0m   [0;1mSELECT * FROM `users` WHERE (`users`.`id` = '1') LIMIT 1[0m
  [4;35;1mUser Load (0.3ms)[0m   [0mSELECT * FROM `users` [0m
Rendering template within layouts/application
Rendering users/index
Completed in 61ms (View: 4, DB: 42) | 200 OK [http://localhost/]
  [4;36;1mSQL (0.1ms)[0m   [0;1mSET NAMES 'utf8'[0m
  [4;35;1mSQL (0.1ms)[0m   [0mSET SQL_AUTO_IS_NULL=0[0m


Processing UsersController#show (for 127.0.0.1 at 2010-10-22 12:40:59) [GET]
  Parameters: {"action"=>"show", "id"=>"1", "controller"=>"users"}
  [4;36;1mUser Columns (1.6ms)[0m   [0;1mSHOW FIELDS FROM `users`[0m
  [4;35;1mUser Load (46.7ms)[0m   [0mSELECT * FROM `users` WHERE (`users`.`id` = '1') LIMIT 1[0m
Rendering template within layouts/application
Rendering users/show
Completed in 82ms (View: 19, DB: 49) | 200 OK [http://localhost/users/1]
  [4;36;1mSQL (0.1ms)[0m   [0;1mSET NAMES 'utf8'[0m
  [4;35;1mSQL (0.1ms)[0m   [0mSET SQL_AUTO_IS_NULL=0[0m


Processing UsersController#show (for 127.0.0.1 at 2010-10-22 12:42:43) [GET]
  Parameters: {"action"=>"show", "id"=>"1", "controller"=>"users"}
  [4;36;1mUser Columns (23.6ms)[0m   [0;1mSHOW FIELDS FROM `users`[0m
  [4;35;1mUser Load (0.4ms)[0m   [0mSELECT * FROM `users` WHERE (`users`.`id` = '1') LIMIT 1[0m
Rendering template within layouts/application
Rendering users/show

ActionView::TemplateError (undefined method `logged_in?' for #<ActionView::Base:0x102df2408>) on line #10 of app/views/layouts/application.html.erb:
7:     <%= yield(:head) %>
8:   </head>
9:   <body> 
10:     <% if logged_in? %>
11:       Welcome <%= current_user.username %>! Not you?
12:       <%= link_to "Log out", logout_path %>
13:     <% else %>

    app/views/layouts/application.html.erb:10
    /Users/tiago/.rvm/rubies/ruby-1.8.7-p174/lib/ruby/1.8/webrick/httpserver.rb:104:in `service'
    /Users/tiago/.rvm/rubies/ruby-1.8.7-p174/lib/ruby/1.8/webrick/httpserver.rb:65:in `run'
    /Users/tiago/.rvm/rubies/ruby-1.8.7-p174/lib/ruby/1.8/webrick/server.rb:173:in `start_thread'
    /Users/tiago/.rvm/rubies/ruby-1.8.7-p174/lib/ruby/1.8/webrick/server.rb:162:in `start'
    /Users/tiago/.rvm/rubies/ruby-1.8.7-p174/lib/ruby/1.8/webrick/server.rb:162:in `start_thread'
    /Users/tiago/.rvm/rubies/ruby-1.8.7-p174/lib/ruby/1.8/webrick/server.rb:95:in `start'
    /Users/tiago/.rvm/rubies/ruby-1.8.7-p174/lib/ruby/1.8/webrick/server.rb:92:in `each'
    /Users/tiago/.rvm/rubies/ruby-1.8.7-p174/lib/ruby/1.8/webrick/server.rb:92:in `start'
    /Users/tiago/.rvm/rubies/ruby-1.8.7-p174/lib/ruby/1.8/webrick/server.rb:23:in `start'
    /Users/tiago/.rvm/rubies/ruby-1.8.7-p174/lib/ruby/1.8/webrick/server.rb:82:in `start'

Rendered rescues/_trace (48.7ms)
Rendered rescues/_request_and_response (0.3ms)
Rendering rescues/layout (internal_server_error)
  [4;36;1mSQL (0.2ms)[0m   [0;1mSET NAMES 'utf8'[0m
  [4;35;1mSQL (0.1ms)[0m   [0mSET SQL_AUTO_IS_NULL=0[0m


Processing UsersController#show (for 127.0.0.1 at 2010-10-22 12:42:54) [GET]
  Parameters: {"action"=>"show", "id"=>"1", "controller"=>"users"}
  [4;36;1mUser Columns (1.7ms)[0m   [0;1mSHOW FIELDS FROM `users`[0m
  [4;35;1mUser Load (44.3ms)[0m   [0mSELECT * FROM `users` WHERE (`users`.`id` = '1') LIMIT 1[0m
Rendering template within layouts/application
Rendering users/show
Completed in 69ms (View: 7, DB: 46) | 200 OK [http://localhost/users/1]
  [4;36;1mSQL (0.1ms)[0m   [0;1mSET NAMES 'utf8'[0m
  [4;35;1mSQL (0.1ms)[0m   [0mSET SQL_AUTO_IS_NULL=0[0m


Processing UsersController#show (for 127.0.0.1 at 2010-10-22 12:43:29) [GET]
  Parameters: {"action"=>"show", "id"=>"1", "controller"=>"users"}
  [4;36;1mUser Columns (1.6ms)[0m   [0;1mSHOW FIELDS FROM `users`[0m
  [4;35;1mUser Load (43.8ms)[0m   [0mSELECT * FROM `users` WHERE (`users`.`id` = '1') LIMIT 1[0m
  [4;36;1mUser Load (59.5ms)[0m   [0;1mSELECT * FROM `users` WHERE (`users`.`id` = 1) [0m
Rendering template within layouts/application
Rendering users/show
Completed in 210ms (View: 4, DB: 105) | 200 OK [http://localhost/users/1]
  [4;35;1mSQL (0.1ms)[0m   [0mSET NAMES 'utf8'[0m
  [4;36;1mSQL (0.1ms)[0m   [0;1mSET SQL_AUTO_IS_NULL=0[0m


Processing UsersController#show (for 127.0.0.1 at 2010-10-22 12:43:30) [GET]
  Parameters: {"action"=>"show", "id"=>"1", "controller"=>"users"}
  [4;35;1mUser Columns (1.6ms)[0m   [0mSHOW FIELDS FROM `users`[0m
  [4;36;1mUser Load (44.4ms)[0m   [0;1mSELECT * FROM `users` WHERE (`users`.`id` = '1') LIMIT 1[0m
  [4;35;1mUser Load (65.5ms)[0m   [0mSELECT * FROM `users` WHERE (`users`.`id` = 1) [0m
Rendering template within layouts/application
Rendering users/show
Completed in 132ms (View: 4, DB: 112) | 200 OK [http://localhost/users/1]
  [4;36;1mSQL (0.1ms)[0m   [0;1mSET NAMES 'utf8'[0m
  [4;35;1mSQL (0.1ms)[0m   [0mSET SQL_AUTO_IS_NULL=0[0m


Processing UsersController#show (for 127.0.0.1 at 2010-10-22 12:43:45) [GET]
  Parameters: {"action"=>"show", "controller"=>"users"}
  [4;36;1mUser Columns (1.6ms)[0m   [0;1mSHOW FIELDS FROM `users`[0m
  [4;35;1mUser Load (48.2ms)[0m   [0mSELECT * FROM `users` WHERE (`users`.`id` = '1') LIMIT 1[0m
Rendering template within layouts/application
Rendering users/show
Completed in 68ms (View: 3, DB: 50) | 200 OK [http://localhost/]
